This file contains any messages produced by compilers while
running configure, to aid debugging if configure makes a mistake.

It was created by puf configure 1.1, which was
generated by GNU Autoconf 2.61.  Invocation command line was

  $ ./configure 

## --------- ##
## Platform. ##
## --------- ##

hostname = chamouh
uname -m = x86_64
uname -r = 2.6.28-ARCH
uname -s = Linux
uname -v = #1 SMP PREEMPT Sun Mar 8 10:55:58 CET 2009

/usr/bin/uname -p = unknown
/bin/uname -X     = unknown

/bin/arch              = x86_64
/usr/bin/arch -k       = unknown
/usr/convex/getsysinfo = unknown
/usr/bin/hostinfo      = unknown
/bin/machine           = unknown
/usr/bin/oslevel       = unknown
/bin/universe          = unknown

PATH: /bin
PATH: /usr/bin
PATH: /sbin
PATH: /usr/sbin
PATH: /opt/kde/bin
PATH: /usr/bin/perlbin/site
PATH: /usr/bin/perlbin/vendor
PATH: /usr/bin/perlbin/core
PATH: /opt/qt/bin


## ----------- ##
## Core tests. ##
## ----------- ##

configure:1691: checking for a BSD-compatible install
configure:1747: result: /bin/install -c
configure:1758: checking whether build environment is sane
configure:1801: result: yes
configure:1866: checking for gawk
configure:1882: found /bin/gawk
configure:1893: result: gawk
configure:1904: checking whether make sets $(MAKE)
configure:1925: result: yes
configure:2244: creating ./config.status

## ---------------------- ##
## Running config.status. ##
## ---------------------- ##

This file was extended by puf config.status 1.1, which was
generated by GNU Autoconf 2.61.  Invocation command line was

  CONFIG_FILES    = 
  CONFIG_HEADERS  = 
  CONFIG_LINKS    = 
  CONFIG_COMMANDS = 
  $ ./config.status 

on chamouh

config.status:593: creating Makefile
config.status:593: creating application/Makefile
config.status:593: creating archives/Makefile
config.status:593: creating include/Makefile
config.status:593: creating lib/Makefile
config.status:593: creating bootloader/Makefile
config.status:593: creating scripts/Makefile
config.status:593: creating udev/Makefile

## ---------------- ##
## Cache variables. ##
## ---------------- ##

ac_cv_env_build_alias_set=
ac_cv_env_build_alias_value=
ac_cv_env_host_alias_set=
ac_cv_env_host_alias_value=
ac_cv_env_target_alias_set=
ac_cv_env_target_alias_value=
ac_cv_path_install='/bin/install -c'
ac_cv_prog_AWK=gawk
ac_cv_prog_make_make_set=yes

## ----------------- ##
## Output variables. ##
## ----------------- ##

ACLOCAL='${SHELL} /home/benjamin/Picbootoo/Divers/puf-1.1/missing --run aclocal-1.9'
AMTAR='${SHELL} /home/benjamin/Picbootoo/Divers/puf-1.1/missing --run tar'
AUTOCONF='${SHELL} /home/benjamin/Picbootoo/Divers/puf-1.1/missing --run autoconf'
AUTOHEADER='${SHELL} /home/benjamin/Picbootoo/Divers/puf-1.1/missing --run autoheader'
AUTOMAKE='${SHELL} /home/benjamin/Picbootoo/Divers/puf-1.1/missing --run automake-1.9'
AWK='gawk'
CYGPATH_W='echo'
DEFS='-DPACKAGE_NAME=\"puf\" -DPACKAGE_TARNAME=\"puf\" -DPACKAGE_VERSION=\"1.1\" -DPACKAGE_STRING=\"puf\ 1.1\" -DPACKAGE_BUGREPORT=\"vasco-project@lists.gforge.enseeiht.fr\" -DPACKAGE=\"puf\" -DVERSION=\"1.1\"'
ECHO_C=''
ECHO_N='-n'
ECHO_T=''
INSTALL_DATA='${INSTALL} -m 644'
INSTALL_PROGRAM='${INSTALL}'
INSTALL_SCRIPT='${INSTALL}'
INSTALL_STRIP_PROGRAM='${SHELL} $(install_sh) -c -s'
LIBOBJS=''
LIBS=''
LTLIBOBJS=''
MAKEINFO='${SHELL} /home/benjamin/Picbootoo/Divers/puf-1.1/missing --run makeinfo'
PACKAGE='puf'
PACKAGE_BUGREPORT='vasco-project@lists.gforge.enseeiht.fr'
PACKAGE_NAME='puf'
PACKAGE_STRING='puf 1.1'
PACKAGE_TARNAME='puf'
PACKAGE_VERSION='1.1'
PATH_SEPARATOR=':'
SET_MAKE=''
SHELL='/bin/sh'
STRIP=''
VERSION='1.1'
am__leading_dot='.'
am__tar='${AMTAR} chof - "$$tardir"'
am__untar='${AMTAR} xf -'
bindir='${exec_prefix}/bin'
build_alias=''
datadir='${datarootdir}'
datarootdir='${prefix}/share'
docdir='${datarootdir}/doc/${PACKAGE_TARNAME}'
dvidir='${docdir}'
exec_prefix='${prefix}'
host_alias=''
htmldir='${docdir}'
includedir='${prefix}/include'
infodir='${datarootdir}/info'
install_sh='/home/benjamin/Picbootoo/Divers/puf-1.1/install-sh'
libdir='${exec_prefix}/lib'
libexecdir='${exec_prefix}/libexec'
localedir='${datarootdir}/locale'
localstatedir='${prefix}/var'
mandir='${datarootdir}/man'
mkdir_p='mkdir -p --'
oldincludedir='/usr/include'
pdfdir='${docdir}'
prefix='/usr/local'
program_transform_name='s,x,x,'
psdir='${docdir}'
sbindir='${exec_prefix}/sbin'
sharedstatedir='${prefix}/com'
sysconfdir='${prefix}/etc'
target_alias=''

## ----------- ##
## confdefs.h. ##
## ----------- ##

#define PACKAGE_NAME "puf"
#define PACKAGE_TARNAME "puf"
#define PACKAGE_VERSION "1.1"
#define PACKAGE_STRING "puf 1.1"
#define PACKAGE_BUGREPORT "vasco-project@lists.gforge.enseeiht.fr"
#define PACKAGE "puf"
#define VERSION "1.1"

configure: exit 0
