gpasm-0.13.4 beta               usb_descriptors.asm5-18-2009  09:33:38          PAGE  1


LOC  OBJECT CODE     LINE SOURCE TEXT
  VALUE
 
               00001 ;--------------------------------------------------------
               00002 ; File Created by SDCC : FreeWare ANSI-C Compiler
               00003 ; Version 2.6.1 #4482 (Mar 15 2009)
               00004 ; This file generated Mon May 18 09:33:38 2009
               00005 ;--------------------------------------------------------
               00006 ; PIC16 port for the Microchip 16-bit core micros
               00007 ;--------------------------------------------------------
               00008         list    p=18f4550
               00009 
               00010         radix dec
               00011 
               00012 ;--------------------------------------------------------
               00013 ; public variables in this module
               00014 ;--------------------------------------------------------
               00015         global _null_function
               00016         global _device_descriptor
               00017         global _default_cfg
               00018         global _flash_cfg
               00019         global _application_cfg
               00020         global _configuration_descriptor
               00021         global _str0
               00022         global _str1
               00023         global _str2
               00024         global _str3
               00025         global _str4
               00026         global _str5
               00027         global _string_descriptor
               00028         global _ep_init
               00029         global _ep_in
               00030         global _ep_out
               00031         global _ep_setup
               00032 
               00033 ;--------------------------------------------------------
               00034 ; extern variables in this module
               00035 ;--------------------------------------------------------
               00036         extern _ep2_num_bytes_to_send
               00037         extern _ep2_source_data
               00038         extern _usb_device_state
               00039         extern _usb_active_cfg
               00040         extern _usb_active_alt_setting
               00041         extern _ep0_init
               00042         extern _ep1_init
               00043         extern _ep2_init
               00044         extern _my_ep1_init
               00045         extern _my_ep2_init
               00046         extern _ep0_in
               00047         extern _ep2_in
               00048         extern _my_ep2_in
               00049         extern _ep1_out
               00050         extern _my_ep1_out
               00051         extern _ep0_setup
               00052 
               00053 ;--------------------------------------------------------
               00054 ; global & static initialisations
gpasm-0.13.4 beta               usb_descriptors.asm5-18-2009  09:33:38          PAGE  2


LOC  OBJECT CODE     LINE SOURCE TEXT
  VALUE
 
               00055 ;--------------------------------------------------------
               00056 ; I code from now on!
               00057 ; ; Starting pCode block
               00058 S_usb_descriptors__null_function        code
0000           00059 _null_function:
0000 0012      00060         return
               00061         
               00062 ; ; Starting pCode block for Ival
               00063         code
0000           00064 _device_descriptor:
0000 0112 0200 00065         DB      0x12, 0x01, 0x00, 0x02, 0xff, 0x00, 0xff, 0x08, 0xa5, 0xa5, 0x03, 0x00
0004 00FF 08FF
0008 A5A5 0003
000C 0100 0201 00066         DB      0x00, 0x01, 0x01, 0x02, 0x03, 0x03
0010 0303
               00067 ; ; Starting pCode block for Ival
0012           00068 _default_cfg:
0012 0209 0012 00069         DB      0x09, 0x02, 0x12, 0x00, 0x01, 0x01, 0x04, 0xc0, 0x00, 0x09, 0x04, 0x00
0016 0101 C004
001A 0900 0004
001E 0000 FFFF 00070         DB      0x00, 0x00, 0xff, 0xff, 0xff, 0x04
0022 04FF
               00071 ; ; Starting pCode block for Ival
0024           00072 _flash_cfg:
0024 0209 0020 00073         DB      0x09, 0x02, 0x20, 0x00, 0x01, 0x02, 0x05, 0xc0, 0x00, 0x09, 0x04, 0x00
0028 0201 C005
002C 0900 0004
0030 0200 FFFF 00074         DB      0x00, 0x02, 0xff, 0xff, 0xff, 0x05, 0x07, 0x05, 0x01, 0x02, 0x40, 0x00
0034 05FF 0507
0038 0201 0040
003C 0700 8205 00075         DB      0x00, 0x07, 0x05, 0x82, 0x02, 0x40, 0x00, 0x00
0040 4002 0000
               00076 ; ; Starting pCode block for Ival
0044           00077 _application_cfg:
0044 0209 0020 00078         DB      0x09, 0x02, 0x20, 0x00, 0x01, 0x03, 0x04, 0xc0, 0x00, 0x09, 0x04, 0x00
0048 0301 C004
004C 0900 0004
0050 0200 FFFF 00079         DB      0x00, 0x02, 0xff, 0xff, 0xff, 0x04, 0x07, 0x05, 0x01, 0x02, 0x40, 0x00
0054 04FF 0507
0058 0201 0040
005C 0700 8205 00080         DB      0x00, 0x07, 0x05, 0x82, 0x02, 0x40, 0x00, 0x00
0060 4002 0000
               00081 ; ; Starting pCode block for Ival
0064           00082 _configuration_descriptor:
0064 0000 0000 00083         DB      LOW(_default_cfg), HIGH(_default_cfg), UPPER(_default_cfg), LOW(_flash_cfg), HIGH(_flash_cfg), UPPER(_flash_cfg), LOW(_application_cfg), HIGH(_application_cfg), UPPER(_application_cfg)
0068 0000 0000
006C 0000
               00084 ; ; Starting pCode block for Ival
006E           00085 _str0:
006E 0304 0409 00086         DB      0x04, 0x03, 0x09, 0x04
               00087 ; ; Starting pCode block for Ival
0072           00088 _str1:
0072 031C 0056 00089         DB      0x1c, 0x03, 0x56, 0x00, 0x61, 0x00, 0x73, 0x00, 0x63, 0x00, 0x6f, 0x00
0076 0061 0073
gpasm-0.13.4 beta               usb_descriptors.asm5-18-2009  09:33:38          PAGE  3


LOC  OBJECT CODE     LINE SOURCE TEXT
  VALUE
 
007A 0063 006F
007E 0020 0050 00090         DB      0x20, 0x00, 0x50, 0x00, 0x72, 0x00, 0x6f, 0x00, 0x6a, 0x00, 0x65, 0x00
0082 0072 006F
0086 006A 0065
008A 0063 0074 00091         DB      0x63, 0x00, 0x74, 0x00
               00092 ; ; Starting pCode block for Ival
008E           00093 _str2:
008E 031C 0054 00094         DB      0x1c, 0x03, 0x54, 0x00, 0x6f, 0x00, 0x67, 0x00, 0x67, 0x00, 0x6c, 0x00
0092 006F 0067
0096 0067 006C
009A 0065 0020 00095         DB      0x65, 0x00, 0x20, 0x00, 0x6d, 0x00, 0x6f, 0x00, 0x64, 0x00, 0x75, 0x00
009E 006D 006F
00A2 0064 0075
00A6 006C 0065 00096         DB      0x6c, 0x00, 0x65, 0x00
               00097 ; ; Starting pCode block for Ival
00AA           00098 _str3:
00AA 0304 0031 00099         DB      0x04, 0x03, 0x31, 0x00
               00100 ; ; Starting pCode block for Ival
00AE           00101 _str4:
00AE 0310 0044 00102         DB      0x10, 0x03, 0x44, 0x00, 0x65, 0x00, 0x66, 0x00, 0x61, 0x00, 0x75, 0x00
00B2 0065 0066
00B6 0061 0075
00BA 006C 0074 00103         DB      0x6c, 0x00, 0x74, 0x00
               00104 ; ; Starting pCode block for Ival
00BE           00105 _str5:
00BE 030C 0046 00106         DB      0x0c, 0x03, 0x46, 0x00, 0x6c, 0x00, 0x61, 0x00, 0x73, 0x00, 0x68, 0x00
00C2 006C 0061
00C6 0073 0068
               00107 ; ; Starting pCode block for Ival
00CA           00108 _string_descriptor:
00CA 0000 0000 00109         DB      LOW(_str0), HIGH(_str0), UPPER(_str0), LOW(_str1), HIGH(_str1), UPPER(_str1), LOW(_str2), HIGH(_str2), UPPER(_str2), LOW(_str3), HIGH(_str3), UPPER(_str3)
00CE 0000 0000
00D2 0000 0000
00D6 0000 0000 00110         DB      LOW(_str4), HIGH(_str4), UPPER(_str4), LOW(_str5), HIGH(_str5), UPPER(_str5)
00DA 0000
               00111 ; ; Starting pCode block for Ival
00DC           00112 _ep_init_cfg0:
00DC 0000 0000 00113         DB      LOW(_ep0_init), HIGH(_ep0_init), UPPER(_ep0_init), LOW(_null_function), HIGH(_null_function), UPPER(_null_function), LOW(_null_function), HIGH(_null_function), UPPER(_null_function), LOW(_null_function), HIGH(_null_function), UPPER(_null_function)
00E0 0000 0000
00E4 0000 0000
00E8 0000 0000 00114         DB      LOW(_null_function), HIGH(_null_function), UPPER(_null_function), LOW(_null_function), HIGH(_null_function), UPPER(_null_function), LOW(_null_function), HIGH(_null_function), UPPER(_null_function), LOW(_null_function), HIGH(_null_function), UPPER(_null_function)
00EC 0000 0000
00F0 0000 0000
00F4 0000 0000 00115         DB      LOW(_null_function), HIGH(_null_function), UPPER(_null_function), LOW(_null_function), HIGH(_null_function), UPPER(_null_function), LOW(_null_function), HIGH(_null_function), UPPER(_null_function), LOW(_null_function), HIGH(_null_function), UPPER(_null_function)
00F8 0000 0000
00FC 0000 0000
0100 0000 0000 00116         DB      LOW(_null_function), HIGH(_null_function), UPPER(_null_function), LOW(_null_function), HIGH(_null_function), UPPER(_null_function), LOW(_null_function), HIGH(_null_function), UPPER(_null_function), LOW(_null_function), HIGH(_null_function), UPPER(_null_function)
0104 0000 0000
0108 0000 0000
               00117 ; ; Starting pCode block for Ival
010C           00118 _ep_init_cfg1:
010C 0000 0000 00119         DB      LOW(_ep0_init), HIGH(_ep0_init), UPPER(_ep0_init), LOW(_ep1_init), HIGH(_ep1_init), UPPER(_ep1_init), LOW(_ep2_init), HIGH(_ep2_init), UPPER(_ep2_init), LOW(_null_function), HIGH(_null_function), UPPER(_null_function)
0110 0000 0000
0114 0000 0000
gpasm-0.13.4 beta               usb_descriptors.asm5-18-2009  09:33:38          PAGE  4


LOC  OBJECT CODE     LINE SOURCE TEXT
  VALUE
 
0118 0000 0000 00120         DB      LOW(_null_function), HIGH(_null_function), UPPER(_null_function), LOW(_null_function), HIGH(_null_function), UPPER(_null_function), LOW(_null_function), HIGH(_null_function), UPPER(_null_function), LOW(_null_function), HIGH(_null_function), UPPER(_null_function)
011C 0000 0000
0120 0000 0000
0124 0000 0000 00121         DB      LOW(_null_function), HIGH(_null_function), UPPER(_null_function), LOW(_null_function), HIGH(_null_function), UPPER(_null_function), LOW(_null_function), HIGH(_null_function), UPPER(_null_function), LOW(_null_function), HIGH(_null_function), UPPER(_null_function)
0128 0000 0000
012C 0000 0000
0130 0000 0000 00122         DB      LOW(_null_function), HIGH(_null_function), UPPER(_null_function), LOW(_null_function), HIGH(_null_function), UPPER(_null_function), LOW(_null_function), HIGH(_null_function), UPPER(_null_function), LOW(_null_function), HIGH(_null_function), UPPER(_null_function)
0134 0000 0000
0138 0000 0000
               00123 ; ; Starting pCode block for Ival
013C           00124 _ep_init_cfg2:
013C 0000 0000 00125         DB      LOW(_ep0_init), HIGH(_ep0_init), UPPER(_ep0_init), LOW(_my_ep1_init), HIGH(_my_ep1_init), UPPER(_my_ep1_init), LOW(_my_ep2_init), HIGH(_my_ep2_init), UPPER(_my_ep2_init), LOW(_null_function), HIGH(_null_function), UPPER(_null_function)
0140 0000 0000
0144 0000 0000
0148 0000 0000 00126         DB      LOW(_null_function), HIGH(_null_function), UPPER(_null_function), LOW(_null_function), HIGH(_null_function), UPPER(_null_function), LOW(_null_function), HIGH(_null_function), UPPER(_null_function), LOW(_null_function), HIGH(_null_function), UPPER(_null_function)
014C 0000 0000
0150 0000 0000
0154 0000 0000 00127         DB      LOW(_null_function), HIGH(_null_function), UPPER(_null_function), LOW(_null_function), HIGH(_null_function), UPPER(_null_function), LOW(_null_function), HIGH(_null_function), UPPER(_null_function), LOW(_null_function), HIGH(_null_function), UPPER(_null_function)
0158 0000 0000
015C 0000 0000
0160 0000 0000 00128         DB      LOW(_null_function), HIGH(_null_function), UPPER(_null_function), LOW(_null_function), HIGH(_null_function), UPPER(_null_function), LOW(_null_function), HIGH(_null_function), UPPER(_null_function), LOW(_null_function), HIGH(_null_function), UPPER(_null_function)
0164 0000 0000
0168 0000 0000
               00129 ; ; Starting pCode block for Ival
016C           00130 _ep_init:
016C 0000 0000 00131         DB      LOW(_ep_init_cfg0), HIGH(_ep_init_cfg0), UPPER(_ep_init_cfg0), LOW(_ep_init_cfg0), HIGH(_ep_init_cfg0), UPPER(_ep_init_cfg0), LOW(_ep_init_cfg1), HIGH(_ep_init_cfg1), UPPER(_ep_init_cfg1), LOW(_ep_init_cfg2), HIGH(_ep_init_cfg2), UPPER(_ep_init_cfg2)
0170 0000 0000
0174 0000 0000
               00132 ; ; Starting pCode block for Ival
0178           00133 _ep_in_cfg0:
0178 0000 0000 00134         DB      LOW(_ep0_in), HIGH(_ep0_in), UPPER(_ep0_in), LOW(_null_function), HIGH(_null_function), UPPER(_null_function), LOW(_null_function), HIGH(_null_function), UPPER(_null_function), LOW(_null_function), HIGH(_null_function), UPPER(_null_function)
017C 0000 0000
0180 0000 0000
0184 0000 0000 00135         DB      LOW(_null_function), HIGH(_null_function), UPPER(_null_function), LOW(_null_function), HIGH(_null_function), UPPER(_null_function), LOW(_null_function), HIGH(_null_function), UPPER(_null_function), LOW(_null_function), HIGH(_null_function), UPPER(_null_function)
0188 0000 0000
018C 0000 0000
0190 0000 0000 00136         DB      LOW(_null_function), HIGH(_null_function), UPPER(_null_function), LOW(_null_function), HIGH(_null_function), UPPER(_null_function), LOW(_null_function), HIGH(_null_function), UPPER(_null_function), LOW(_null_function), HIGH(_null_function), UPPER(_null_function)
0194 0000 0000
0198 0000 0000
019C 0000 0000 00137         DB      LOW(_null_function), HIGH(_null_function), UPPER(_null_function), LOW(_null_function), HIGH(_null_function), UPPER(_null_function), LOW(_null_function), HIGH(_null_function), UPPER(_null_function), LOW(_null_function), HIGH(_null_function), UPPER(_null_function)
01A0 0000 0000
01A4 0000 0000
               00138 ; ; Starting pCode block for Ival
01A8           00139 _ep_in_cfg1:
01A8 0000 0000 00140         DB      LOW(_ep0_in), HIGH(_ep0_in), UPPER(_ep0_in), LOW(_null_function), HIGH(_null_function), UPPER(_null_function), LOW(_ep2_in), HIGH(_ep2_in), UPPER(_ep2_in), LOW(_null_function), HIGH(_null_function), UPPER(_null_function)
01AC 0000 0000
01B0 0000 0000
01B4 0000 0000 00141         DB      LOW(_null_function), HIGH(_null_function), UPPER(_null_function), LOW(_null_function), HIGH(_null_function), UPPER(_null_function), LOW(_null_function), HIGH(_null_function), UPPER(_null_function), LOW(_null_function), HIGH(_null_function), UPPER(_null_function)
01B8 0000 0000
01BC 0000 0000
01C0 0000 0000 00142         DB      LOW(_null_function), HIGH(_null_function), UPPER(_null_function), LOW(_null_function), HIGH(_null_function), UPPER(_null_function), LOW(_null_function), HIGH(_null_function), UPPER(_null_function), LOW(_null_function), HIGH(_null_function), UPPER(_null_function)
01C4 0000 0000
01C8 0000 0000
01CC 0000 0000 00143         DB      LOW(_null_function), HIGH(_null_function), UPPER(_null_function), LOW(_null_function), HIGH(_null_function), UPPER(_null_function), LOW(_null_function), HIGH(_null_function), UPPER(_null_function), LOW(_null_function), HIGH(_null_function), UPPER(_null_function)
gpasm-0.13.4 beta               usb_descriptors.asm5-18-2009  09:33:38          PAGE  5


LOC  OBJECT CODE     LINE SOURCE TEXT
  VALUE
 
01D0 0000 0000
01D4 0000 0000
               00144 ; ; Starting pCode block for Ival
01D8           00145 _ep_in_cfg2:
01D8 0000 0000 00146         DB      LOW(_ep0_in), HIGH(_ep0_in), UPPER(_ep0_in), LOW(_null_function), HIGH(_null_function), UPPER(_null_function), LOW(_my_ep2_in), HIGH(_my_ep2_in), UPPER(_my_ep2_in), LOW(_null_function), HIGH(_null_function), UPPER(_null_function)
01DC 0000 0000
01E0 0000 0000
01E4 0000 0000 00147         DB      LOW(_null_function), HIGH(_null_function), UPPER(_null_function), LOW(_null_function), HIGH(_null_function), UPPER(_null_function), LOW(_null_function), HIGH(_null_function), UPPER(_null_function), LOW(_null_function), HIGH(_null_function), UPPER(_null_function)
01E8 0000 0000
01EC 0000 0000
01F0 0000 0000 00148         DB      LOW(_null_function), HIGH(_null_function), UPPER(_null_function), LOW(_null_function), HIGH(_null_function), UPPER(_null_function), LOW(_null_function), HIGH(_null_function), UPPER(_null_function), LOW(_null_function), HIGH(_null_function), UPPER(_null_function)
01F4 0000 0000
01F8 0000 0000
01FC 0000 0000 00149         DB      LOW(_null_function), HIGH(_null_function), UPPER(_null_function), LOW(_null_function), HIGH(_null_function), UPPER(_null_function), LOW(_null_function), HIGH(_null_function), UPPER(_null_function), LOW(_null_function), HIGH(_null_function), UPPER(_null_function)
0200 0000 0000
0204 0000 0000
               00150 ; ; Starting pCode block for Ival
0208           00151 _ep_in:
0208 0000 0000 00152         DB      LOW(_ep_in_cfg0), HIGH(_ep_in_cfg0), UPPER(_ep_in_cfg0), LOW(_ep_in_cfg0), HIGH(_ep_in_cfg0), UPPER(_ep_in_cfg0), LOW(_ep_in_cfg1), HIGH(_ep_in_cfg1), UPPER(_ep_in_cfg1), LOW(_ep_in_cfg2), HIGH(_ep_in_cfg2), UPPER(_ep_in_cfg2)
020C 0000 0000
0210 0000 0000
               00153 ; ; Starting pCode block for Ival
0214           00154 _ep_out_cfg0:
0214 0000 0000 00155         DB      LOW(_ep0_init), HIGH(_ep0_init), UPPER(_ep0_init), LOW(_null_function), HIGH(_null_function), UPPER(_null_function), LOW(_null_function), HIGH(_null_function), UPPER(_null_function), LOW(_null_function), HIGH(_null_function), UPPER(_null_function)
0218 0000 0000
021C 0000 0000
0220 0000 0000 00156         DB      LOW(_null_function), HIGH(_null_function), UPPER(_null_function), LOW(_null_function), HIGH(_null_function), UPPER(_null_function), LOW(_null_function), HIGH(_null_function), UPPER(_null_function), LOW(_null_function), HIGH(_null_function), UPPER(_null_function)
0224 0000 0000
0228 0000 0000
022C 0000 0000 00157         DB      LOW(_null_function), HIGH(_null_function), UPPER(_null_function), LOW(_null_function), HIGH(_null_function), UPPER(_null_function), LOW(_null_function), HIGH(_null_function), UPPER(_null_function), LOW(_null_function), HIGH(_null_function), UPPER(_null_function)
0230 0000 0000
0234 0000 0000
0238 0000 0000 00158         DB      LOW(_null_function), HIGH(_null_function), UPPER(_null_function), LOW(_null_function), HIGH(_null_function), UPPER(_null_function), LOW(_null_function), HIGH(_null_function), UPPER(_null_function), LOW(_null_function), HIGH(_null_function), UPPER(_null_function)
023C 0000 0000
0240 0000 0000
               00159 ; ; Starting pCode block for Ival
0244           00160 _ep_out_cfg1:
0244 0000 0000 00161         DB      LOW(_ep0_init), HIGH(_ep0_init), UPPER(_ep0_init), LOW(_ep1_out), HIGH(_ep1_out), UPPER(_ep1_out), LOW(_null_function), HIGH(_null_function), UPPER(_null_function), LOW(_null_function), HIGH(_null_function), UPPER(_null_function)
0248 0000 0000
024C 0000 0000
0250 0000 0000 00162         DB      LOW(_null_function), HIGH(_null_function), UPPER(_null_function), LOW(_null_function), HIGH(_null_function), UPPER(_null_function), LOW(_null_function), HIGH(_null_function), UPPER(_null_function), LOW(_null_function), HIGH(_null_function), UPPER(_null_function)
0254 0000 0000
0258 0000 0000
025C 0000 0000 00163         DB      LOW(_null_function), HIGH(_null_function), UPPER(_null_function), LOW(_null_function), HIGH(_null_function), UPPER(_null_function), LOW(_null_function), HIGH(_null_function), UPPER(_null_function), LOW(_null_function), HIGH(_null_function), UPPER(_null_function)
0260 0000 0000
0264 0000 0000
0268 0000 0000 00164         DB      LOW(_null_function), HIGH(_null_function), UPPER(_null_function), LOW(_null_function), HIGH(_null_function), UPPER(_null_function), LOW(_null_function), HIGH(_null_function), UPPER(_null_function), LOW(_null_function), HIGH(_null_function), UPPER(_null_function)
026C 0000 0000
0270 0000 0000
               00165 ; ; Starting pCode block for Ival
0274           00166 _ep_out_cfg2:
0274 0000 0000 00167         DB      LOW(_ep0_init), HIGH(_ep0_init), UPPER(_ep0_init), LOW(_my_ep1_out), HIGH(_my_ep1_out), UPPER(_my_ep1_out), LOW(_null_function), HIGH(_null_function), UPPER(_null_function), LOW(_null_function), HIGH(_null_function), UPPER(_null_function)
0278 0000 0000
027C 0000 0000
gpasm-0.13.4 beta               usb_descriptors.asm5-18-2009  09:33:38          PAGE  6


LOC  OBJECT CODE     LINE SOURCE TEXT
  VALUE
 
0280 0000 0000 00168         DB      LOW(_null_function), HIGH(_null_function), UPPER(_null_function), LOW(_null_function), HIGH(_null_function), UPPER(_null_function), LOW(_null_function), HIGH(_null_function), UPPER(_null_function), LOW(_null_function), HIGH(_null_function), UPPER(_null_function)
0284 0000 0000
0288 0000 0000
028C 0000 0000 00169         DB      LOW(_null_function), HIGH(_null_function), UPPER(_null_function), LOW(_null_function), HIGH(_null_function), UPPER(_null_function), LOW(_null_function), HIGH(_null_function), UPPER(_null_function), LOW(_null_function), HIGH(_null_function), UPPER(_null_function)
0290 0000 0000
0294 0000 0000
0298 0000 0000 00170         DB      LOW(_null_function), HIGH(_null_function), UPPER(_null_function), LOW(_null_function), HIGH(_null_function), UPPER(_null_function), LOW(_null_function), HIGH(_null_function), UPPER(_null_function), LOW(_null_function), HIGH(_null_function), UPPER(_null_function)
029C 0000 0000
02A0 0000 0000
               00171 ; ; Starting pCode block for Ival
02A4           00172 _ep_out:
02A4 0000 0000 00173         DB      LOW(_ep_out_cfg0), HIGH(_ep_out_cfg0), UPPER(_ep_out_cfg0), LOW(_ep_out_cfg0), HIGH(_ep_out_cfg0), UPPER(_ep_out_cfg0), LOW(_ep_out_cfg1), HIGH(_ep_out_cfg1), UPPER(_ep_out_cfg1), LOW(_ep_out_cfg2), HIGH(_ep_out_cfg2), UPPER(_ep_out_cfg2)
02A8 0000 0000
02AC 0000 0000
               00174 ; ; Starting pCode block for Ival
02B0           00175 _ep_setup_cfg0:
02B0 0000 0000 00176         DB      LOW(_ep0_setup), HIGH(_ep0_setup), UPPER(_ep0_setup), LOW(_null_function), HIGH(_null_function), UPPER(_null_function), LOW(_null_function), HIGH(_null_function), UPPER(_null_function), LOW(_null_function), HIGH(_null_function), UPPER(_null_function)
02B4 0000 0000
02B8 0000 0000
02BC 0000 0000 00177         DB      LOW(_null_function), HIGH(_null_function), UPPER(_null_function), LOW(_null_function), HIGH(_null_function), UPPER(_null_function), LOW(_null_function), HIGH(_null_function), UPPER(_null_function), LOW(_null_function), HIGH(_null_function), UPPER(_null_function)
02C0 0000 0000
02C4 0000 0000
02C8 0000 0000 00178         DB      LOW(_null_function), HIGH(_null_function), UPPER(_null_function), LOW(_null_function), HIGH(_null_function), UPPER(_null_function), LOW(_null_function), HIGH(_null_function), UPPER(_null_function), LOW(_null_function), HIGH(_null_function), UPPER(_null_function)
02CC 0000 0000
02D0 0000 0000
02D4 0000 0000 00179         DB      LOW(_null_function), HIGH(_null_function), UPPER(_null_function), LOW(_null_function), HIGH(_null_function), UPPER(_null_function), LOW(_null_function), HIGH(_null_function), UPPER(_null_function), LOW(_null_function), HIGH(_null_function), UPPER(_null_function)
02D8 0000 0000
02DC 0000 0000
               00180 ; ; Starting pCode block for Ival
02E0           00181 _ep_setup:
02E0 0000 0000 00182         DB      LOW(_ep_setup_cfg0), HIGH(_ep_setup_cfg0), UPPER(_ep_setup_cfg0), LOW(_ep_setup_cfg0), HIGH(_ep_setup_cfg0), UPPER(_ep_setup_cfg0), LOW(_ep_setup_cfg0), HIGH(_ep_setup_cfg0), UPPER(_ep_setup_cfg0), LOW(_ep_setup_cfg0), HIGH(_ep_setup_cfg0), UPPER(_ep_setup_cfg0)
02E4 0000 0000
02E8 0000 0000
               00183 
               00184 
               00185 ; Statistics:
               00186 ; code size:      142 (0x008e) bytes ( 0.11%)
               00187 ;                  71 (0x0047) words
               00188 ; udata size:       0 (0x0000) bytes ( 0.00%)
               00189 ; access size:      0 (0x0000) bytes
               00190 
               00191 
gpasm-0.13.4 beta               usb_descriptors.asm5-18-2009  09:33:38          PAGE  7


SYMBOL TABLE
  LABEL                             VALUE 

__18F4550                         00000001
_application_cfg                  00000044
_configuration_descriptor         00000064
_default_cfg                      00000012
_device_descriptor                00000000
_ep0_in                           00000000
_ep0_init                         00000000
_ep0_setup                        00000000
_ep1_init                         00000000
_ep1_out                          00000000
_ep2_in                           00000000
_ep2_init                         00000000
_ep2_num_bytes_to_send            00000000
_ep2_source_data                  00000000
_ep_in                            00000208
_ep_in_cfg0                       00000178
_ep_in_cfg1                       000001A8
_ep_in_cfg2                       000001D8
_ep_init                          0000016C
_ep_init_cfg0                     000000DC
_ep_init_cfg1                     0000010C
_ep_init_cfg2                     0000013C
_ep_out                           000002A4
_ep_out_cfg0                      00000214
_ep_out_cfg1                      00000244
_ep_out_cfg2                      00000274
_ep_setup                         000002E0
_ep_setup_cfg0                    000002B0
_flash_cfg                        00000024
_my_ep1_init                      00000000
_my_ep1_out                       00000000
_my_ep2_in                        00000000
_my_ep2_init                      00000000
_null_function                    00000000
_str0                             0000006E
_str1                             00000072
_str2                             0000008E
_str3                             000000AA
_str4                             000000AE
_str5                             000000BE
_string_descriptor                000000CA
_usb_active_alt_setting           00000000
_usb_active_cfg                   00000000
_usb_device_state                 00000000


Errors   :       0
Warnings :       0 reported,       0 suppressed
Messages :       0 reported,       0 suppressed

