gpasm-0.13.4 beta               analogs.asm 5-19-2009  21:44:04          PAGE  1


LOC  OBJECT CODE     LINE SOURCE TEXT
  VALUE
 
               00001 ;--------------------------------------------------------
               00002 ; File Created by SDCC : FreeWare ANSI-C Compiler
               00003 ; Version 2.6.1 #4482 (Mar 15 2009)
               00004 ; This file generated Tue May 19 21:44:04 2009
               00005 ;--------------------------------------------------------
               00006 ; PIC16 port for the Microchip 16-bit core micros
               00007 ;--------------------------------------------------------
               00008         list    p=18f4550
               00009 
               00010         radix dec
               00011 
               00012 ;--------------------------------------------------------
               00013 ; public variables in this module
               00014 ;--------------------------------------------------------
               00015         global _init_adconversion
               00016         global _maj_result
               00017         global _an
               00018         global _compteur_an
               00019 
               00020 ;--------------------------------------------------------
               00021 ; extern variables in this module
               00022 ;--------------------------------------------------------
               00023         extern __gptrput1
               00024         extern _SPPDATAbits
               00025         extern _SPPCFGbits
               00026         extern _SPPEPSbits
               00027         extern _SPPCONbits
               00028         extern _UFRMLbits
               00029         extern _UFRMHbits
               00030         extern _UIRbits
               00031         extern _UIEbits
               00032         extern _UEIRbits
               00033         extern _UEIEbits
               00034         extern _USTATbits
               00035         extern _UCONbits
               00036         extern _UADDRbits
               00037         extern _UCFGbits
               00038         extern _UEP0bits
               00039         extern _UEP1bits
               00040         extern _UEP2bits
               00041         extern _UEP3bits
               00042         extern _UEP4bits
               00043         extern _UEP5bits
               00044         extern _UEP6bits
               00045         extern _UEP7bits
               00046         extern _UEP8bits
               00047         extern _UEP9bits
               00048         extern _UEP10bits
               00049         extern _UEP11bits
               00050         extern _UEP12bits
               00051         extern _UEP13bits
               00052         extern _UEP14bits
               00053         extern _UEP15bits
               00054         extern _PORTAbits
gpasm-0.13.4 beta               analogs.asm 5-19-2009  21:44:04          PAGE  2


LOC  OBJECT CODE     LINE SOURCE TEXT
  VALUE
 
               00055         extern _PORTBbits
               00056         extern _PORTCbits
               00057         extern _PORTDbits
               00058         extern _PORTEbits
               00059         extern _LATAbits
               00060         extern _LATBbits
               00061         extern _LATCbits
               00062         extern _LATDbits
               00063         extern _LATEbits
               00064         extern _TRISAbits
               00065         extern _TRISBbits
               00066         extern _TRISCbits
               00067         extern _TRISDbits
               00068         extern _TRISEbits
               00069         extern _OSCTUNEbits
               00070         extern _PIE1bits
               00071         extern _PIR1bits
               00072         extern _IPR1bits
               00073         extern _PIE2bits
               00074         extern _PIR2bits
               00075         extern _IPR2bits
               00076         extern _EECON1bits
               00077         extern _RCSTAbits
               00078         extern _TXSTAbits
               00079         extern _T3CONbits
               00080         extern _CMCONbits
               00081         extern _CVRCONbits
               00082         extern _ECCP1ASbits
               00083         extern _ECCP1DELbits
               00084         extern _BAUDCONbits
               00085         extern _CCP2CONbits
               00086         extern _CCP1CONbits
               00087         extern _ADCON2bits
               00088         extern _ADCON1bits
               00089         extern _ADCON0bits
               00090         extern _SSPCON2bits
               00091         extern _SSPCON1bits
               00092         extern _SSPSTATbits
               00093         extern _T2CONbits
               00094         extern _T1CONbits
               00095         extern _RCONbits
               00096         extern _WDTCONbits
               00097         extern _HLVDCONbits
               00098         extern _OSCCONbits
               00099         extern _T0CONbits
               00100         extern _STATUSbits
               00101         extern _FSR2Hbits
               00102         extern _BSRbits
               00103         extern _FSR1Hbits
               00104         extern _FSR0Hbits
               00105         extern _INTCON3bits
               00106         extern _INTCON2bits
               00107         extern _INTCONbits
               00108         extern _TBLPTRUbits
gpasm-0.13.4 beta               analogs.asm 5-19-2009  21:44:04          PAGE  3


LOC  OBJECT CODE     LINE SOURCE TEXT
  VALUE
 
               00109         extern _PCLATHbits
               00110         extern _PCLATUbits
               00111         extern _STKPTRbits
               00112         extern _TOSUbits
               00113         extern _ep2_num_bytes_to_send
               00114         extern _ep2_source_data
               00115         extern _an_data
               00116         extern _mydata
               00117         extern _SPPDATA
               00118         extern _SPPCFG
               00119         extern _SPPEPS
               00120         extern _SPPCON
               00121         extern _UFRML
               00122         extern _UFRMH
               00123         extern _UIR
               00124         extern _UIE
               00125         extern _UEIR
               00126         extern _UEIE
               00127         extern _USTAT
               00128         extern _UCON
               00129         extern _UADDR
               00130         extern _UCFG
               00131         extern _UEP0
               00132         extern _UEP1
               00133         extern _UEP2
               00134         extern _UEP3
               00135         extern _UEP4
               00136         extern _UEP5
               00137         extern _UEP6
               00138         extern _UEP7
               00139         extern _UEP8
               00140         extern _UEP9
               00141         extern _UEP10
               00142         extern _UEP11
               00143         extern _UEP12
               00144         extern _UEP13
               00145         extern _UEP14
               00146         extern _UEP15
               00147         extern _PORTA
               00148         extern _PORTB
               00149         extern _PORTC
               00150         extern _PORTD
               00151         extern _PORTE
               00152         extern _LATA
               00153         extern _LATB
               00154         extern _LATC
               00155         extern _LATD
               00156         extern _LATE
               00157         extern _TRISA
               00158         extern _TRISB
               00159         extern _TRISC
               00160         extern _TRISD
               00161         extern _TRISE
               00162         extern _OSCTUNE
gpasm-0.13.4 beta               analogs.asm 5-19-2009  21:44:04          PAGE  4


LOC  OBJECT CODE     LINE SOURCE TEXT
  VALUE
 
               00163         extern _PIE1
               00164         extern _PIR1
               00165         extern _IPR1
               00166         extern _PIE2
               00167         extern _PIR2
               00168         extern _IPR2
               00169         extern _EECON1
               00170         extern _EECON2
               00171         extern _EEDATA
               00172         extern _EEADR
               00173         extern _RCSTA
               00174         extern _TXSTA
               00175         extern _TXREG
               00176         extern _RCREG
               00177         extern _SPBRG
               00178         extern _SPBRGH
               00179         extern _T3CON
               00180         extern _TMR3L
               00181         extern _TMR3H
               00182         extern _CMCON
               00183         extern _CVRCON
               00184         extern _ECCP1AS
               00185         extern _ECCP1DEL
               00186         extern _BAUDCON
               00187         extern _CCP2CON
               00188         extern _CCPR2L
               00189         extern _CCPR2H
               00190         extern _CCP1CON
               00191         extern _CCPR1L
               00192         extern _CCPR1H
               00193         extern _ADCON2
               00194         extern _ADCON1
               00195         extern _ADCON0
               00196         extern _ADRESL
               00197         extern _ADRESH
               00198         extern _SSPCON2
               00199         extern _SSPCON1
               00200         extern _SSPSTAT
               00201         extern _SSPADD
               00202         extern _SSPBUF
               00203         extern _T2CON
               00204         extern _PR2
               00205         extern _TMR2
               00206         extern _T1CON
               00207         extern _TMR1L
               00208         extern _TMR1H
               00209         extern _RCON
               00210         extern _WDTCON
               00211         extern _HLVDCON
               00212         extern _OSCCON
               00213         extern _T0CON
               00214         extern _TMR0L
               00215         extern _TMR0H
               00216         extern _STATUS
gpasm-0.13.4 beta               analogs.asm 5-19-2009  21:44:04          PAGE  5


LOC  OBJECT CODE     LINE SOURCE TEXT
  VALUE
 
               00217         extern _FSR2L
               00218         extern _FSR2H
               00219         extern _PLUSW2
               00220         extern _PREINC2
               00221         extern _POSTDEC2
               00222         extern _POSTINC2
               00223         extern _INDF2
               00224         extern _BSR
               00225         extern _FSR1L
               00226         extern _FSR1H
               00227         extern _PLUSW1
               00228         extern _PREINC1
               00229         extern _POSTDEC1
               00230         extern _POSTINC1
               00231         extern _INDF1
               00232         extern _WREG
               00233         extern _FSR0L
               00234         extern _FSR0H
               00235         extern _PLUSW0
               00236         extern _PREINC0
               00237         extern _POSTDEC0
               00238         extern _POSTINC0
               00239         extern _INDF0
               00240         extern _INTCON3
               00241         extern _INTCON2
               00242         extern _INTCON
               00243         extern _PRODL
               00244         extern _PRODH
               00245         extern _TABLAT
               00246         extern _TBLPTRL
               00247         extern _TBLPTRH
               00248         extern _TBLPTRU
               00249         extern _PCL
               00250         extern _PCLATH
               00251         extern _PCLATU
               00252         extern _STKPTR
               00253         extern _TOSL
               00254         extern _TOSH
               00255         extern _TOSU
               00256 ;--------------------------------------------------------
               00257 ;       Equates to used internal registers
               00258 ;--------------------------------------------------------
  00000FD8     00259 STATUS  equ     0xfd8
  00000FE8     00260 WREG    equ     0xfe8
  00000FE9     00261 FSR0L   equ     0xfe9
  00000FE1     00262 FSR1L   equ     0xfe1
  00000FD9     00263 FSR2L   equ     0xfd9
  00000FE5     00264 POSTDEC1        equ     0xfe5
  00000FE4     00265 PREINC1 equ     0xfe4
  00000FF3     00266 PRODL   equ     0xff3
               00267 
               00268 
               00269 ; Internal registers
               00270 .registers      udata_ovr       0x0000
gpasm-0.13.4 beta               analogs.asm 5-19-2009  21:44:04          PAGE  6


LOC  OBJECT CODE     LINE SOURCE TEXT
  VALUE
 
               00271 r0x00   res     1
               00272 r0x01   res     1
               00273 r0x02   res     1
               00274 
               00275 udata_analogs_0 udata
               00276 _compteur_an    res     1
               00277 
               00278 udata_analogs_1 udata
               00279 _an     res     3
               00280 
               00281 ;--------------------------------------------------------
               00282 ; global & static initialisations
               00283 ;--------------------------------------------------------
               00284 ; I code from now on!
               00285 ; ; Starting pCode block
               00286 S_analogs__maj_result   code
0000           00287 _maj_result:
               00288 ;       .line   27; analogs.c   void maj_result(void)
0000 C000 FFE5 00289         MOVFF   r0x00, POSTDEC1
0004 C000 FFE5 00290         MOVFF   r0x01, POSTDEC1
0008 C000 FFE5 00291         MOVFF   r0x02, POSTDEC1
000C 0000      00292         BANKSEL _compteur_an
               00293 ;       .line   29; analogs.c   an[compteur_an] = ADRESH;
000E 5100      00294         MOVF    _compteur_an, W, B
0010 0000      00295         BANKSEL _an
0012 2500      00296         ADDWF   _an, W, B
0014 6E00      00297         MOVWF   r0x00
0016 6AE8      00298         CLRF    WREG
               00299 ; removed redundant BANKSEL
0018 2100      00300         ADDWFC  (_an + 1), W, B
001A 6E00      00301         MOVWF   r0x01
001C 6AE8      00302         CLRF    WREG
               00303 ; removed redundant BANKSEL
001E 2100      00304         ADDWFC  (_an + 2), W, B
0020 C000 FFE5 00305         MOVFF   _ADRESH, POSTDEC1
0024 C000 FFE9 00306         MOVFF   r0x00, FSR0L
0028 C000 FFF3 00307         MOVFF   r0x01, PRODL
002C EC00 F000 00308         CALL    __gptrput1
               00309 ;       .line   30; analogs.c   an[compteur_an + 1] = ADRESL;
0030 C000 F000 00310         MOVFF   _compteur_an, r0x00
0034 6A00      00311         CLRF    r0x01
0036 2A00      00312         INCF    r0x00, F
0038 B0D8      00313         BTFSC   STATUS, 0
003A 2A00      00314         INCF    r0x01, F
003C 0000      00315         BANKSEL _an
003E 5100      00316         MOVF    _an, W, B
0040 2600      00317         ADDWF   r0x00, F
               00318 ; removed redundant BANKSEL
0042 5100      00319         MOVF    (_an + 1), W, B
0044 2200      00320         ADDWFC  r0x01, F
               00321 ; removed redundant BANKSEL
0046 5100      00322         MOVF    (_an + 2), W, B
0048 6A00      00323         CLRF    r0x02
004A BE00      00324         BTFSC   r0x01, 7
gpasm-0.13.4 beta               analogs.asm 5-19-2009  21:44:04          PAGE  7


LOC  OBJECT CODE     LINE SOURCE TEXT
  VALUE
 
004C 6800      00325         SETF    r0x02
004E 2200      00326         ADDWFC  r0x02, F
0050 C000 FFE5 00327         MOVFF   _ADRESL, POSTDEC1
0054 C000 FFE9 00328         MOVFF   r0x00, FSR0L
0058 C000 FFF3 00329         MOVFF   r0x01, PRODL
005C 5000      00330         MOVF    r0x02, W
005E EC00 F000 00331         CALL    __gptrput1
0062 0000      00332         BANKSEL _compteur_an
               00333 ;       .line   31; analogs.c   compteur_an += 2;
0064 2B00      00334         INCF    _compteur_an, F, B
0066 2B00      00335         INCF    _compteur_an, F, B
               00336 ;       .line   32; analogs.c   compteur_an %= 2 * NB_ANALOGS;
0068 0E07      00337         MOVLW   0x07
               00338 ; removed redundant BANKSEL
006A 1700      00339         ANDWF   _compteur_an, F, B
               00340 ;       .line   33; analogs.c   ADCON0 = (compteur_an << 1) + 1;
006C 5100      00341         MOVF    _compteur_an, W, B
006E 2500      00342         ADDWF   _compteur_an, W, B
0070 6E00      00343         MOVWF   r0x00
0072 2800      00344         INCF    r0x00, W
0074 6E00      00345         MOVWF   _ADCON0
               00346 ;       .line   34; analogs.c   ADCON0bits.GO = 1;
0076 8200      00347         BSF     _ADCON0bits, 1
0078 CFE4 F000 00348         MOVFF   PREINC1, r0x02
007C CFE4 F000 00349         MOVFF   PREINC1, r0x01
0080 CFE4 F000 00350         MOVFF   PREINC1, r0x00
0084 0012      00351         RETURN  
               00352 
               00353 ; ; Starting pCode block
               00354 S_analogs__init_adconversion    code
0000           00355 _init_adconversion:
               00356 ;       .line   13; analogs.c   OSCCON |= 0x80; // 10000000 : IDLEN = 1 : pas de SLEEP (pour AD conversion)
0000 8E00      00357         BSF     _OSCCON, 7
               00358 ;       .line   14; analogs.c   OSCCON &= 0xfc; // 11111100 : SCS = 0 : primary clock source (on ne sait jamais !)
0002 0EFC      00359         MOVLW   0xfc
0004 1600      00360         ANDWF   _OSCCON, F
               00361 ;       .line   15; analogs.c   TRISA |= TRISA_CONF; // bons ports en input
0006 0ECF      00362         MOVLW   0xcf
0008 1200      00363         IORWF   _TRISA, F
               00364 ;       .line   17; analogs.c   ADCON1 = NB_DIG; // 00 0 0 xxxx : nU, Vref- = VSS, Vref+ = VDD, nb d'analogs
000A 0E0C      00365         MOVLW   0x0c
000C 6E00      00366         MOVWF   _ADCON1
               00367 ;       .line   18; analogs.c   ADCON0 = 0x00; // 00 0000 0 0 : nU, ANinput = AN0, idle, ADOFF
000E 6A00      00368         CLRF    _ADCON0
               00369 ;       .line   19; analogs.c   ADCON2 = 0x2E; // 0 0 101 110 : left justified, nU, 12 Tac d'acquisition, freq de Fosc/64
0010 0E2E      00370         MOVLW   0x2e
0012 6E00      00371         MOVWF   _ADCON2
               00372 ;       .line   20; analogs.c   ADCON0 |= 0x01; // xx xxxx x 1 : ADON
0014 8000      00373         BSF     _ADCON0, 0
0016 0000      00374         BANKSEL _compteur_an
               00375 ;       .line   21; analogs.c   compteur_an = 0;
0018 6B00      00376         CLRF    _compteur_an, B
               00377 ;       .line   22; analogs.c   PIE1bits.ADIE = 1;
001A 8C00      00378         BSF     _PIE1bits, 6
gpasm-0.13.4 beta               analogs.asm 5-19-2009  21:44:04          PAGE  8


LOC  OBJECT CODE     LINE SOURCE TEXT
  VALUE
 
               00379 ;       .line   23; analogs.c   an = &(an_data[1]);
001C 0E00      00380         MOVLW   HIGH(_an_data + 1)
001E 0000      00381         BANKSEL (_an + 1)
0020 6F00      00382         MOVWF   (_an + 1), B
0022 0E00      00383         MOVLW   LOW(_an_data + 1)
               00384 ; removed redundant BANKSEL
0024 6F00      00385         MOVWF   _an, B
0026 0E80      00386         MOVLW   0x80
               00387 ; removed redundant BANKSEL
0028 6F00      00388         MOVWF   (_an + 2), B
               00389 ;       .line   24; analogs.c   ADCON0bits.GO = 1; //commence la conversion
002A 8200      00390         BSF     _ADCON0bits, 1
002C 0012      00391         RETURN  
               00392 
               00393 
               00394 
               00395 ; Statistics:
               00396 ; code size:      180 (0x00b4) bytes ( 0.14%)
               00397 ;                  90 (0x005a) words
               00398 ; udata size:       4 (0x0004) bytes ( 0.22%)
               00399 ; access size:      3 (0x0003) bytes
               00400 
               00401 
gpasm-0.13.4 beta               analogs.asm 5-19-2009  21:44:04          PAGE  9


SYMBOL TABLE
  LABEL                             VALUE 

FSR0L                             00000FE9
FSR1L                             00000FE1
FSR2L                             00000FD9
POSTDEC1                          00000FE5
PREINC1                           00000FE4
PRODL                             00000FF3
STATUS                            00000FD8
WREG                              00000FE8
_ADCON0                           00000000
_ADCON0bits                       00000000
_ADCON1                           00000000
_ADCON1bits                       00000000
_ADCON2                           00000000
_ADCON2bits                       00000000
_ADRESH                           00000000
_ADRESL                           00000000
_BAUDCON                          00000000
_BAUDCONbits                      00000000
_BSR                              00000000
_BSRbits                          00000000
_CCP1CON                          00000000
_CCP1CONbits                      00000000
_CCP2CON                          00000000
_CCP2CONbits                      00000000
_CCPR1H                           00000000
_CCPR1L                           00000000
_CCPR2H                           00000000
_CCPR2L                           00000000
_CMCON                            00000000
_CMCONbits                        00000000
_CVRCON                           00000000
_CVRCONbits                       00000000
_ECCP1AS                          00000000
_ECCP1ASbits                      00000000
_ECCP1DEL                         00000000
_ECCP1DELbits                     00000000
_EEADR                            00000000
_EECON1                           00000000
_EECON1bits                       00000000
_EECON2                           00000000
_EEDATA                           00000000
_FSR0H                            00000000
_FSR0Hbits                        00000000
_FSR0L                            00000000
_FSR1H                            00000000
_FSR1Hbits                        00000000
_FSR1L                            00000000
_FSR2H                            00000000
_FSR2Hbits                        00000000
_FSR2L                            00000000
_HLVDCON                          00000000
_HLVDCONbits                      00000000
_INDF0                            00000000
gpasm-0.13.4 beta               analogs.asm 5-19-2009  21:44:04          PAGE 10


LOC  OBJECT CODE     LINE SOURCE TEXT
  VALUE
 
_INDF1                            00000000
_INDF2                            00000000
_INTCON                           00000000
_INTCON2                          00000000
_INTCON2bits                      00000000
_INTCON3                          00000000
_INTCON3bits                      00000000
_INTCONbits                       00000000
_IPR1                             00000000
_IPR1bits                         00000000
_IPR2                             00000000
_IPR2bits                         00000000
_LATA                             00000000
_LATAbits                         00000000
_LATB                             00000000
_LATBbits                         00000000
_LATC                             00000000
_LATCbits                         00000000
_LATD                             00000000
_LATDbits                         00000000
_LATE                             00000000
_LATEbits                         00000000
_OSCCON                           00000000
_OSCCONbits                       00000000
_OSCTUNE                          00000000
_OSCTUNEbits                      00000000
_PCL                              00000000
_PCLATH                           00000000
_PCLATHbits                       00000000
_PCLATU                           00000000
_PCLATUbits                       00000000
_PIE1                             00000000
_PIE1bits                         00000000
_PIE2                             00000000
_PIE2bits                         00000000
_PIR1                             00000000
_PIR1bits                         00000000
_PIR2                             00000000
_PIR2bits                         00000000
_PLUSW0                           00000000
_PLUSW1                           00000000
_PLUSW2                           00000000
_PORTA                            00000000
_PORTAbits                        00000000
_PORTB                            00000000
_PORTBbits                        00000000
_PORTC                            00000000
_PORTCbits                        00000000
_PORTD                            00000000
_PORTDbits                        00000000
_PORTE                            00000000
_PORTEbits                        00000000
_POSTDEC0                         00000000
_POSTDEC1                         00000000
gpasm-0.13.4 beta               analogs.asm 5-19-2009  21:44:04          PAGE 11


LOC  OBJECT CODE     LINE SOURCE TEXT
  VALUE
 
_POSTDEC2                         00000000
_POSTINC0                         00000000
_POSTINC1                         00000000
_POSTINC2                         00000000
_PR2                              00000000
_PREINC0                          00000000
_PREINC1                          00000000
_PREINC2                          00000000
_PRODH                            00000000
_PRODL                            00000000
_RCON                             00000000
_RCONbits                         00000000
_RCREG                            00000000
_RCSTA                            00000000
_RCSTAbits                        00000000
_SPBRG                            00000000
_SPBRGH                           00000000
_SPPCFG                           00000000
_SPPCFGbits                       00000000
_SPPCON                           00000000
_SPPCONbits                       00000000
_SPPDATA                          00000000
_SPPDATAbits                      00000000
_SPPEPS                           00000000
_SPPEPSbits                       00000000
_SSPADD                           00000000
_SSPBUF                           00000000
_SSPCON1                          00000000
_SSPCON1bits                      00000000
_SSPCON2                          00000000
_SSPCON2bits                      00000000
_SSPSTAT                          00000000
_SSPSTATbits                      00000000
_STATUS                           00000000
_STATUSbits                       00000000
_STKPTR                           00000000
_STKPTRbits                       00000000
_T0CON                            00000000
_T0CONbits                        00000000
_T1CON                            00000000
_T1CONbits                        00000000
_T2CON                            00000000
_T2CONbits                        00000000
_T3CON                            00000000
_T3CONbits                        00000000
_TABLAT                           00000000
_TBLPTRH                          00000000
_TBLPTRL                          00000000
_TBLPTRU                          00000000
_TBLPTRUbits                      00000000
_TMR0H                            00000000
_TMR0L                            00000000
_TMR1H                            00000000
_TMR1L                            00000000
gpasm-0.13.4 beta               analogs.asm 5-19-2009  21:44:04          PAGE 12


LOC  OBJECT CODE     LINE SOURCE TEXT
  VALUE
 
_TMR2                             00000000
_TMR3H                            00000000
_TMR3L                            00000000
_TOSH                             00000000
_TOSL                             00000000
_TOSU                             00000000
_TOSUbits                         00000000
_TRISA                            00000000
_TRISAbits                        00000000
_TRISB                            00000000
_TRISBbits                        00000000
_TRISC                            00000000
_TRISCbits                        00000000
_TRISD                            00000000
_TRISDbits                        00000000
_TRISE                            00000000
_TRISEbits                        00000000
_TXREG                            00000000
_TXSTA                            00000000
_TXSTAbits                        00000000
_UADDR                            00000000
_UADDRbits                        00000000
_UCFG                             00000000
_UCFGbits                         00000000
_UCON                             00000000
_UCONbits                         00000000
_UEIE                             00000000
_UEIEbits                         00000000
_UEIR                             00000000
_UEIRbits                         00000000
_UEP0                             00000000
_UEP0bits                         00000000
_UEP1                             00000000
_UEP10                            00000000
_UEP10bits                        00000000
_UEP11                            00000000
_UEP11bits                        00000000
_UEP12                            00000000
_UEP12bits                        00000000
_UEP13                            00000000
_UEP13bits                        00000000
_UEP14                            00000000
_UEP14bits                        00000000
_UEP15                            00000000
_UEP15bits                        00000000
_UEP1bits                         00000000
_UEP2                             00000000
_UEP2bits                         00000000
_UEP3                             00000000
_UEP3bits                         00000000
_UEP4                             00000000
_UEP4bits                         00000000
_UEP5                             00000000
_UEP5bits                         00000000
gpasm-0.13.4 beta               analogs.asm 5-19-2009  21:44:04          PAGE 13


LOC  OBJECT CODE     LINE SOURCE TEXT
  VALUE
 
_UEP6                             00000000
_UEP6bits                         00000000
_UEP7                             00000000
_UEP7bits                         00000000
_UEP8                             00000000
_UEP8bits                         00000000
_UEP9                             00000000
_UEP9bits                         00000000
_UFRMH                            00000000
_UFRMHbits                        00000000
_UFRML                            00000000
_UFRMLbits                        00000000
_UIE                              00000000
_UIEbits                          00000000
_UIR                              00000000
_UIRbits                          00000000
_USTAT                            00000000
_USTATbits                        00000000
_WDTCON                           00000000
_WDTCONbits                       00000000
_WREG                             00000000
__18F4550                         00000001
__gptrput1                        00000000
_an                               00000000
_an_data                          00000000
_compteur_an                      00000000
_ep2_num_bytes_to_send            00000000
_ep2_source_data                  00000000
_init_adconversion                00000000
_maj_result                       00000000
_mydata                           00000000
r0x00                             00000000
r0x01                             00000001
r0x02                             00000002


Errors   :       0
Warnings :       0 reported,       0 suppressed
Messages :       0 reported,       0 suppressed

