gpasm-0.13.4 beta               main.asm    5-19-2009  21:44:03          PAGE  1


LOC  OBJECT CODE     LINE SOURCE TEXT
  VALUE
 
               00001 ;--------------------------------------------------------
               00002 ; File Created by SDCC : FreeWare ANSI-C Compiler
               00003 ; Version 2.6.1 #4482 (Mar 15 2009)
               00004 ; This file generated Tue May 19 21:44:03 2009
               00005 ;--------------------------------------------------------
               00006 ; PIC16 port for the Microchip 16-bit core micros
               00007 ;--------------------------------------------------------
               00008         list    p=18f4550
               00009 
               00010         radix dec
               00011 
               00012 ;--------------------------------------------------------
               00013 ; public variables in this module
               00014 ;--------------------------------------------------------
               00015         global _application_main
               00016         global _high_priority_isr
               00017         global _low_priority_isr
               00018 
               00019 ;--------------------------------------------------------
               00020 ; extern variables in this module
               00021 ;--------------------------------------------------------
               00022         extern _SPPDATAbits
               00023         extern _SPPCFGbits
               00024         extern _SPPEPSbits
               00025         extern _SPPCONbits
               00026         extern _UFRMLbits
               00027         extern _UFRMHbits
               00028         extern _UIRbits
               00029         extern _UIEbits
               00030         extern _UEIRbits
               00031         extern _UEIEbits
               00032         extern _USTATbits
               00033         extern _UCONbits
               00034         extern _UADDRbits
               00035         extern _UCFGbits
               00036         extern _UEP0bits
               00037         extern _UEP1bits
               00038         extern _UEP2bits
               00039         extern _UEP3bits
               00040         extern _UEP4bits
               00041         extern _UEP5bits
               00042         extern _UEP6bits
               00043         extern _UEP7bits
               00044         extern _UEP8bits
               00045         extern _UEP9bits
               00046         extern _UEP10bits
               00047         extern _UEP11bits
               00048         extern _UEP12bits
               00049         extern _UEP13bits
               00050         extern _UEP14bits
               00051         extern _UEP15bits
               00052         extern _PORTAbits
               00053         extern _PORTBbits
               00054         extern _PORTCbits
gpasm-0.13.4 beta               main.asm    5-19-2009  21:44:03          PAGE  2


LOC  OBJECT CODE     LINE SOURCE TEXT
  VALUE
 
               00055         extern _PORTDbits
               00056         extern _PORTEbits
               00057         extern _LATAbits
               00058         extern _LATBbits
               00059         extern _LATCbits
               00060         extern _LATDbits
               00061         extern _LATEbits
               00062         extern _TRISAbits
               00063         extern _TRISBbits
               00064         extern _TRISCbits
               00065         extern _TRISDbits
               00066         extern _TRISEbits
               00067         extern _OSCTUNEbits
               00068         extern _PIE1bits
               00069         extern _PIR1bits
               00070         extern _IPR1bits
               00071         extern _PIE2bits
               00072         extern _PIR2bits
               00073         extern _IPR2bits
               00074         extern _EECON1bits
               00075         extern _RCSTAbits
               00076         extern _TXSTAbits
               00077         extern _T3CONbits
               00078         extern _CMCONbits
               00079         extern _CVRCONbits
               00080         extern _ECCP1ASbits
               00081         extern _ECCP1DELbits
               00082         extern _BAUDCONbits
               00083         extern _CCP2CONbits
               00084         extern _CCP1CONbits
               00085         extern _ADCON2bits
               00086         extern _ADCON1bits
               00087         extern _ADCON0bits
               00088         extern _SSPCON2bits
               00089         extern _SSPCON1bits
               00090         extern _SSPSTATbits
               00091         extern _T2CONbits
               00092         extern _T1CONbits
               00093         extern _RCONbits
               00094         extern _WDTCONbits
               00095         extern _HLVDCONbits
               00096         extern _OSCCONbits
               00097         extern _T0CONbits
               00098         extern _STATUSbits
               00099         extern _FSR2Hbits
               00100         extern _BSRbits
               00101         extern _FSR1Hbits
               00102         extern _FSR0Hbits
               00103         extern _INTCON3bits
               00104         extern _INTCON2bits
               00105         extern _INTCONbits
               00106         extern _TBLPTRUbits
               00107         extern _PCLATHbits
               00108         extern _PCLATUbits
gpasm-0.13.4 beta               main.asm    5-19-2009  21:44:03          PAGE  3


LOC  OBJECT CODE     LINE SOURCE TEXT
  VALUE
 
               00109         extern _STKPTRbits
               00110         extern _TOSUbits
               00111         extern _usb_device_state
               00112         extern _usb_active_cfg
               00113         extern _usb_active_alt_setting
               00114         extern _ep2_num_bytes_to_send
               00115         extern _ep2_source_data
               00116         extern _an_data
               00117         extern _mydata
               00118         extern _etat_moteur
               00119         extern _SPPDATA
               00120         extern _SPPCFG
               00121         extern _SPPEPS
               00122         extern _SPPCON
               00123         extern _UFRML
               00124         extern _UFRMH
               00125         extern _UIR
               00126         extern _UIE
               00127         extern _UEIR
               00128         extern _UEIE
               00129         extern _USTAT
               00130         extern _UCON
               00131         extern _UADDR
               00132         extern _UCFG
               00133         extern _UEP0
               00134         extern _UEP1
               00135         extern _UEP2
               00136         extern _UEP3
               00137         extern _UEP4
               00138         extern _UEP5
               00139         extern _UEP6
               00140         extern _UEP7
               00141         extern _UEP8
               00142         extern _UEP9
               00143         extern _UEP10
               00144         extern _UEP11
               00145         extern _UEP12
               00146         extern _UEP13
               00147         extern _UEP14
               00148         extern _UEP15
               00149         extern _PORTA
               00150         extern _PORTB
               00151         extern _PORTC
               00152         extern _PORTD
               00153         extern _PORTE
               00154         extern _LATA
               00155         extern _LATB
               00156         extern _LATC
               00157         extern _LATD
               00158         extern _LATE
               00159         extern _TRISA
               00160         extern _TRISB
               00161         extern _TRISC
               00162         extern _TRISD
gpasm-0.13.4 beta               main.asm    5-19-2009  21:44:03          PAGE  4


LOC  OBJECT CODE     LINE SOURCE TEXT
  VALUE
 
               00163         extern _TRISE
               00164         extern _OSCTUNE
               00165         extern _PIE1
               00166         extern _PIR1
               00167         extern _IPR1
               00168         extern _PIE2
               00169         extern _PIR2
               00170         extern _IPR2
               00171         extern _EECON1
               00172         extern _EECON2
               00173         extern _EEDATA
               00174         extern _EEADR
               00175         extern _RCSTA
               00176         extern _TXSTA
               00177         extern _TXREG
               00178         extern _RCREG
               00179         extern _SPBRG
               00180         extern _SPBRGH
               00181         extern _T3CON
               00182         extern _TMR3L
               00183         extern _TMR3H
               00184         extern _CMCON
               00185         extern _CVRCON
               00186         extern _ECCP1AS
               00187         extern _ECCP1DEL
               00188         extern _BAUDCON
               00189         extern _CCP2CON
               00190         extern _CCPR2L
               00191         extern _CCPR2H
               00192         extern _CCP1CON
               00193         extern _CCPR1L
               00194         extern _CCPR1H
               00195         extern _ADCON2
               00196         extern _ADCON1
               00197         extern _ADCON0
               00198         extern _ADRESL
               00199         extern _ADRESH
               00200         extern _SSPCON2
               00201         extern _SSPCON1
               00202         extern _SSPSTAT
               00203         extern _SSPADD
               00204         extern _SSPBUF
               00205         extern _T2CON
               00206         extern _PR2
               00207         extern _TMR2
               00208         extern _T1CON
               00209         extern _TMR1L
               00210         extern _TMR1H
               00211         extern _RCON
               00212         extern _WDTCON
               00213         extern _HLVDCON
               00214         extern _OSCCON
               00215         extern _T0CON
               00216         extern _TMR0L
gpasm-0.13.4 beta               main.asm    5-19-2009  21:44:03          PAGE  5


LOC  OBJECT CODE     LINE SOURCE TEXT
  VALUE
 
               00217         extern _TMR0H
               00218         extern _STATUS
               00219         extern _FSR2L
               00220         extern _FSR2H
               00221         extern _PLUSW2
               00222         extern _PREINC2
               00223         extern _POSTDEC2
               00224         extern _POSTINC2
               00225         extern _INDF2
               00226         extern _BSR
               00227         extern _FSR1L
               00228         extern _FSR1H
               00229         extern _PLUSW1
               00230         extern _PREINC1
               00231         extern _POSTDEC1
               00232         extern _POSTINC1
               00233         extern _INDF1
               00234         extern _WREG
               00235         extern _FSR0L
               00236         extern _FSR0H
               00237         extern _PLUSW0
               00238         extern _PREINC0
               00239         extern _POSTDEC0
               00240         extern _POSTINC0
               00241         extern _INDF0
               00242         extern _INTCON3
               00243         extern _INTCON2
               00244         extern _INTCON
               00245         extern _PRODL
               00246         extern _PRODH
               00247         extern _TABLAT
               00248         extern _TBLPTRL
               00249         extern _TBLPTRH
               00250         extern _TBLPTRU
               00251         extern _PCL
               00252         extern _PCLATH
               00253         extern _PCLATU
               00254         extern _STKPTR
               00255         extern _TOSL
               00256         extern _TOSH
               00257         extern _TOSU
               00258         extern _dispatch_usb_event
               00259         extern _usb_sleep
               00260         extern _init_servos
               00261         extern _gestionservos_tmr1
               00262         extern _gestionservos_tmr2
               00263         extern _init_adconversion
               00264         extern _maj_result
               00265         extern _init_moteursetjack
               00266         extern _moteursetjack_ints_tmr0
               00267         extern _moteursetjack_ints_RB_bas
               00268         extern _moteursetjack_ints_RB_haut
               00269         extern _moteursetjack_ints_INT0
               00270         extern _moteursetjack_ints_INT1
gpasm-0.13.4 beta               main.asm    5-19-2009  21:44:03          PAGE  6


LOC  OBJECT CODE     LINE SOURCE TEXT
  VALUE
 
               00271         extern _moteursetjack_ints_INT2
               00272 ;--------------------------------------------------------
               00273 ;       Equates to used internal registers
               00274 ;--------------------------------------------------------
  00000FD8     00275 STATUS  equ     0xfd8
  00000FFA     00276 PCLATH  equ     0xffa
  00000FFB     00277 PCLATU  equ     0xffb
  00000FE8     00278 WREG    equ     0xfe8
  00000FE0     00279 BSR     equ     0xfe0
  00000FE9     00280 FSR0L   equ     0xfe9
  00000FEA     00281 FSR0H   equ     0xfea
  00000FE1     00282 FSR1L   equ     0xfe1
  00000FD9     00283 FSR2L   equ     0xfd9
  00000FE5     00284 POSTDEC1        equ     0xfe5
  00000FE4     00285 PREINC1 equ     0xfe4
  00000FF3     00286 PRODL   equ     0xff3
  00000FF4     00287 PRODH   equ     0xff4
               00288 
               00289 ;--------------------------------------------------------
               00290 ; global & static initialisations
               00291 ;--------------------------------------------------------
               00292 ; ; Starting pCode block
               00293 S_main__high_priority_isr       code    0X002020
2020           00294 _high_priority_isr:
               00295 ;       .line   62; main.c      void high_priority_isr(void) interrupt
2020 CFE8 FFE5 00296         MOVFF   WREG, POSTDEC1
2024 CFD8 FFE5 00297         MOVFF   STATUS, POSTDEC1
2028 CFE0 FFE5 00298         MOVFF   BSR, POSTDEC1
202C CFF3 FFE5 00299         MOVFF   PRODL, POSTDEC1
2030 CFF4 FFE5 00300         MOVFF   PRODH, POSTDEC1
2034 CFE9 FFE5 00301         MOVFF   FSR0L, POSTDEC1
2038 CFEA FFE5 00302         MOVFF   FSR0H, POSTDEC1
203C CFFA FFE5 00303         MOVFF   PCLATH, POSTDEC1
2040 CFFB FFE5 00304         MOVFF   PCLATU, POSTDEC1
               00305 ;       .line   65; main.c      if(INTCONbits.TMR0IF)
2044 A400      00306         BTFSS   _INTCONbits, 2
2046 D000      00307         BRA     _00114_DS_
               00308 ;       .line   67; main.c      moteursetjack_ints_tmr0();
2048 EC00 F000 00309         CALL    _moteursetjack_ints_tmr0
               00310 ;       .line   68; main.c      INTCONbits.TMR0IF = 0;
204C 9400      00311         BCF     _INTCONbits, 2
204E           00312 _00114_DS_:
               00313 ;       .line   71; main.c      if(INTCONbits.RBIF)   // Fin de course moteur 1
204E A000      00314         BTFSS   _INTCONbits, 0
               00315 ; #     GOTO    _00120_DS_
               00316 ; #     BTFSS   _PORTBbits, 3
               00317 ; #     GOTO    _00116_DS_
               00318 ; #     CALL    _moteursetjack_ints_RB_bas
               00319 ; #     BTFSS   _PORTBbits, 4
               00320 ; ;     peep 1 - test/jump to test/skip
               00321 ;       .line   73; main.c      if(FIN_COURSE1_BAS) moteursetjack_ints_RB_bas();
2050 D000      00322         BRA     _00120_DS_
               00323 ;       .line   74; main.c      if(FIN_COURSE1_HAUT) moteursetjack_ints_RB_haut();
2052 B600      00324         BTFSC   _PORTBbits, 3
gpasm-0.13.4 beta               main.asm    5-19-2009  21:44:03          PAGE  7


LOC  OBJECT CODE     LINE SOURCE TEXT
  VALUE
 
               00325 ; #     CALL    _moteursetjack_ints_RB_bas
               00326 ; #     BTFSS   _PORTBbits, 4
               00327 ; #     GOTO    _00118_DS_
               00328 ; #     CALL    _moteursetjack_ints_RB_haut
               00329 ; #     BCF     _INTCONbits, 0
               00330 ; ;     peep 1 - test/jump to test/skip
               00331 ;       .line   75; main.c      INTCONbits.RBIF = 0;
2054 EC00 F000 00332         CALL    _moteursetjack_ints_RB_bas
2058 B800      00333         BTFSC   _PORTBbits, 4
205A EC00 F000 00334         CALL    _moteursetjack_ints_RB_haut
205E 9000      00335         BCF     _INTCONbits, 0
2060           00336 _00120_DS_:
               00337 ;       .line   77; main.c      if(INTCONbits.INT0IF) // Fin de course moteur 2-0 / Derriere
2060 A200      00338         BTFSS   _INTCONbits, 1
2062 D000      00339         BRA     _00122_DS_
               00340 ;       .line   79; main.c      moteursetjack_ints_INT0();
2064 EC00 F000 00341         CALL    _moteursetjack_ints_INT0
               00342 ;       .line   80; main.c      INTCONbits.INT0IF = 0;
2068 9200      00343         BCF     _INTCONbits, 1
206A           00344 _00122_DS_:
               00345 ;       .line   82; main.c      if(INTCON3bits.INT1IF) // Fin de course moteur 2-1 / Median
206A A000      00346         BTFSS   _INTCON3bits, 0
206C D000      00347         BRA     _00124_DS_
               00348 ;       .line   84; main.c      moteursetjack_ints_INT1();
206E EC00 F000 00349         CALL    _moteursetjack_ints_INT1
               00350 ;       .line   85; main.c      INTCON3bits.INT1IF = 0;
2072 9000      00351         BCF     _INTCON3bits, 0
2074           00352 _00124_DS_:
               00353 ;       .line   87; main.c      if(INTCON3bits.INT2IF) // Fin de course moteur 2-2 / Devant
2074 A200      00354         BTFSS   _INTCON3bits, 1
2076 D000      00355         BRA     _00126_DS_
               00356 ;       .line   89; main.c      moteursetjack_ints_INT2();
2078 EC00 F000 00357         CALL    _moteursetjack_ints_INT2
               00358 ;       .line   90; main.c      INTCON3bits.INT2IF = 0;
207C 9200      00359         BCF     _INTCON3bits, 1
207E           00360 _00126_DS_:
               00361 ;       .line   93; main.c      if(PIR1bits.TMR1IF)
207E A000      00362         BTFSS   _PIR1bits, 0
2080 D000      00363         BRA     _00128_DS_
               00364 ;       .line   95; main.c      gestionservos_tmr1();
2082 EC00 F000 00365         CALL    _gestionservos_tmr1
               00366 ;       .line   96; main.c      PIR1bits.TMR1IF = 0;
2086 9000      00367         BCF     _PIR1bits, 0
2088           00368 _00128_DS_:
               00369 ;       .line   98; main.c      if(PIR1bits.TMR2IF)
2088 A200      00370         BTFSS   _PIR1bits, 1
208A D000      00371         BRA     _00130_DS_
               00372 ;       .line   100; main.c     gestionservos_tmr2();
208C EC00 F000 00373         CALL    _gestionservos_tmr2
               00374 ;       .line   101; main.c     PIR1bits.TMR2IF = 0;
2090 9200      00375         BCF     _PIR1bits, 1
2092           00376 _00130_DS_:
               00377 ;       .line   104; main.c     if(PIR1bits.ADIF)
2092 AC00      00378         BTFSS   _PIR1bits, 6
gpasm-0.13.4 beta               main.asm    5-19-2009  21:44:03          PAGE  8


LOC  OBJECT CODE     LINE SOURCE TEXT
  VALUE
 
2094 D000      00379         BRA     _00133_DS_
               00380 ;       .line   106; main.c     maj_result();
2096 EC00 F000 00381         CALL    _maj_result
               00382 ;       .line   107; main.c     PIR1bits.ADIF = 0;
209A 9C00      00383         BCF     _PIR1bits, 6
209C           00384 _00133_DS_:
209C CFE4 FFFB 00385         MOVFF   PREINC1, PCLATU
20A0 CFE4 FFFA 00386         MOVFF   PREINC1, PCLATH
20A4 CFE4 FFEA 00387         MOVFF   PREINC1, FSR0H
20A8 CFE4 FFE9 00388         MOVFF   PREINC1, FSR0L
20AC CFE4 FFF4 00389         MOVFF   PREINC1, PRODH
20B0 CFE4 FFF3 00390         MOVFF   PREINC1, PRODL
20B4 CFE4 FFE0 00391         MOVFF   PREINC1, BSR
20B8 CFE4 FFD8 00392         MOVFF   PREINC1, STATUS
20BC CFE4 FFE8 00393         MOVFF   PREINC1, WREG
20C0 0010      00394         RETFIE  
               00395 
               00396 ; ; Starting pCode block
               00397 S_main__low_priority_isr        code    0X004000
4000           00398 _low_priority_isr:
               00399 ;       .line   112; main.c     void low_priority_isr(void) interrupt
4000 CFE8 FFE5 00400         MOVFF   WREG, POSTDEC1
4004 CFD8 FFE5 00401         MOVFF   STATUS, POSTDEC1
4008 CFE0 FFE5 00402         MOVFF   BSR, POSTDEC1
400C CFF3 FFE5 00403         MOVFF   PRODL, POSTDEC1
4010 CFF4 FFE5 00404         MOVFF   PRODH, POSTDEC1
4014 CFE9 FFE5 00405         MOVFF   FSR0L, POSTDEC1
4018 CFEA FFE5 00406         MOVFF   FSR0H, POSTDEC1
401C CFFA FFE5 00407         MOVFF   PCLATH, POSTDEC1
4020 CFFB FFE5 00408         MOVFF   PCLATU, POSTDEC1
               00409 ;       .line   114; main.c     }
4024 CFE4 FFFB 00410         MOVFF   PREINC1, PCLATU
4028 CFE4 FFFA 00411         MOVFF   PREINC1, PCLATH
402C CFE4 FFEA 00412         MOVFF   PREINC1, FSR0H
4030 CFE4 FFE9 00413         MOVFF   PREINC1, FSR0L
4034 CFE4 FFF4 00414         MOVFF   PREINC1, PRODH
4038 CFE4 FFF3 00415         MOVFF   PREINC1, PRODL
403C CFE4 FFE0 00416         MOVFF   PREINC1, BSR
4040 CFE4 FFD8 00417         MOVFF   PREINC1, STATUS
4044 CFE4 FFE8 00418         MOVFF   PREINC1, WREG
4048 0010      00419         RETFIE  
               00420 
               00421 ; I code from now on!
               00422 ; ; Starting pCode block
               00423 S_main__application_main        code
0000           00424 _application_main:
               00425 ;       .line   36; main.c      TRISA = 0xEF;
0000 0EEF      00426         MOVLW   0xef
0002 6E00      00427         MOVWF   _TRISA
               00428 ;       .line   37; main.c      PORTA = 0x10;
0004 0E10      00429         MOVLW   0x10
0006 6E00      00430         MOVWF   _PORTA
               00431 ;       .line   40; main.c      TMR0H = 0;
0008 6A00      00432         CLRF    _TMR0H
gpasm-0.13.4 beta               main.asm    5-19-2009  21:44:03          PAGE  9


LOC  OBJECT CODE     LINE SOURCE TEXT
  VALUE
 
               00433 ;       .line   41; main.c      TMR0L = 0;
000A 6A00      00434         CLRF    _TMR0L
               00435 ;       .line   43; main.c      init_moteursetjack();
000C EC00 F000 00436         CALL    _init_moteursetjack
               00437 ;       .line   44; main.c      init_adconversion();
0010 EC00 F000 00438         CALL    _init_adconversion
               00439 ;       .line   45; main.c      init_servos();
0014 EC00 F000 00440         CALL    _init_servos
               00441 ;       .line   48; main.c      PIE2bits.USBIE = 0; // Interrupt USB off : on ne touche pas a la gestion de l'USB !!
0018 9A00      00442         BCF     _PIE2bits, 5
               00443 ;       .line   50; main.c      INTCONbits.PEIE = 1; // Interrupts peripheriques (usb, timer 1...)
001A 8C00      00444         BSF     _INTCONbits, 6
               00445 ;       .line   51; main.c      INTCONbits.GIE = 1; // Interrupts global
001C 8E00      00446         BSF     _INTCONbits, 7
001E           00447 _00105_DS_:
               00448 ;       .line   53; main.c      while(usb_active_cfg > 2)
001E 0E03      00449         MOVLW   0x03
0020 5C00      00450         SUBWF   _usb_active_cfg, W
0022 E300      00451         BNC     _00108_DS_
               00452 ;       .line   55; main.c      usb_sleep();
0024 EC00 F000 00453         CALL    _usb_sleep
               00454 ;       .line   56; main.c      dispatch_usb_event();
0028 EC00 F000 00455         CALL    _dispatch_usb_event
002C D000      00456         BRA     _00105_DS_
002E           00457 _00108_DS_:
002E 0012      00458         RETURN  
               00459 
               00460 
               00461 
               00462 ; Statistics:
               00463 ; code size:      284 (0x011c) bytes ( 0.22%)
               00464 ;                 142 (0x008e) words
               00465 ; udata size:       0 (0x0000) bytes ( 0.00%)
               00466 ; access size:      0 (0x0000) bytes
               00467 
               00468 
gpasm-0.13.4 beta               main.asm    5-19-2009  21:44:03          PAGE 10


SYMBOL TABLE
  LABEL                             VALUE 

BSR                               00000FE0
FSR0H                             00000FEA
FSR0L                             00000FE9
FSR1L                             00000FE1
FSR2L                             00000FD9
PCLATH                            00000FFA
PCLATU                            00000FFB
POSTDEC1                          00000FE5
PREINC1                           00000FE4
PRODH                             00000FF4
PRODL                             00000FF3
STATUS                            00000FD8
WREG                              00000FE8
_00105_DS_                        0000001E
_00108_DS_                        0000002E
_00114_DS_                        0000204E
_00120_DS_                        00002060
_00122_DS_                        0000206A
_00124_DS_                        00002074
_00126_DS_                        0000207E
_00128_DS_                        00002088
_00130_DS_                        00002092
_00133_DS_                        0000209C
_ADCON0                           00000000
_ADCON0bits                       00000000
_ADCON1                           00000000
_ADCON1bits                       00000000
_ADCON2                           00000000
_ADCON2bits                       00000000
_ADRESH                           00000000
_ADRESL                           00000000
_BAUDCON                          00000000
_BAUDCONbits                      00000000
_BSR                              00000000
_BSRbits                          00000000
_CCP1CON                          00000000
_CCP1CONbits                      00000000
_CCP2CON                          00000000
_CCP2CONbits                      00000000
_CCPR1H                           00000000
_CCPR1L                           00000000
_CCPR2H                           00000000
_CCPR2L                           00000000
_CMCON                            00000000
_CMCONbits                        00000000
_CVRCON                           00000000
_CVRCONbits                       00000000
_ECCP1AS                          00000000
_ECCP1ASbits                      00000000
_ECCP1DEL                         00000000
_ECCP1DELbits                     00000000
_EEADR                            00000000
_EECON1                           00000000
gpasm-0.13.4 beta               main.asm    5-19-2009  21:44:03          PAGE 11


LOC  OBJECT CODE     LINE SOURCE TEXT
  VALUE
 
_EECON1bits                       00000000
_EECON2                           00000000
_EEDATA                           00000000
_FSR0H                            00000000
_FSR0Hbits                        00000000
_FSR0L                            00000000
_FSR1H                            00000000
_FSR1Hbits                        00000000
_FSR1L                            00000000
_FSR2H                            00000000
_FSR2Hbits                        00000000
_FSR2L                            00000000
_HLVDCON                          00000000
_HLVDCONbits                      00000000
_INDF0                            00000000
_INDF1                            00000000
_INDF2                            00000000
_INTCON                           00000000
_INTCON2                          00000000
_INTCON2bits                      00000000
_INTCON3                          00000000
_INTCON3bits                      00000000
_INTCONbits                       00000000
_IPR1                             00000000
_IPR1bits                         00000000
_IPR2                             00000000
_IPR2bits                         00000000
_LATA                             00000000
_LATAbits                         00000000
_LATB                             00000000
_LATBbits                         00000000
_LATC                             00000000
_LATCbits                         00000000
_LATD                             00000000
_LATDbits                         00000000
_LATE                             00000000
_LATEbits                         00000000
_OSCCON                           00000000
_OSCCONbits                       00000000
_OSCTUNE                          00000000
_OSCTUNEbits                      00000000
_PCL                              00000000
_PCLATH                           00000000
_PCLATHbits                       00000000
_PCLATU                           00000000
_PCLATUbits                       00000000
_PIE1                             00000000
_PIE1bits                         00000000
_PIE2                             00000000
_PIE2bits                         00000000
_PIR1                             00000000
_PIR1bits                         00000000
_PIR2                             00000000
_PIR2bits                         00000000
gpasm-0.13.4 beta               main.asm    5-19-2009  21:44:03          PAGE 12


LOC  OBJECT CODE     LINE SOURCE TEXT
  VALUE
 
_PLUSW0                           00000000
_PLUSW1                           00000000
_PLUSW2                           00000000
_PORTA                            00000000
_PORTAbits                        00000000
_PORTB                            00000000
_PORTBbits                        00000000
_PORTC                            00000000
_PORTCbits                        00000000
_PORTD                            00000000
_PORTDbits                        00000000
_PORTE                            00000000
_PORTEbits                        00000000
_POSTDEC0                         00000000
_POSTDEC1                         00000000
_POSTDEC2                         00000000
_POSTINC0                         00000000
_POSTINC1                         00000000
_POSTINC2                         00000000
_PR2                              00000000
_PREINC0                          00000000
_PREINC1                          00000000
_PREINC2                          00000000
_PRODH                            00000000
_PRODL                            00000000
_RCON                             00000000
_RCONbits                         00000000
_RCREG                            00000000
_RCSTA                            00000000
_RCSTAbits                        00000000
_SPBRG                            00000000
_SPBRGH                           00000000
_SPPCFG                           00000000
_SPPCFGbits                       00000000
_SPPCON                           00000000
_SPPCONbits                       00000000
_SPPDATA                          00000000
_SPPDATAbits                      00000000
_SPPEPS                           00000000
_SPPEPSbits                       00000000
_SSPADD                           00000000
_SSPBUF                           00000000
_SSPCON1                          00000000
_SSPCON1bits                      00000000
_SSPCON2                          00000000
_SSPCON2bits                      00000000
_SSPSTAT                          00000000
_SSPSTATbits                      00000000
_STATUS                           00000000
_STATUSbits                       00000000
_STKPTR                           00000000
_STKPTRbits                       00000000
_T0CON                            00000000
_T0CONbits                        00000000
gpasm-0.13.4 beta               main.asm    5-19-2009  21:44:03          PAGE 13


LOC  OBJECT CODE     LINE SOURCE TEXT
  VALUE
 
_T1CON                            00000000
_T1CONbits                        00000000
_T2CON                            00000000
_T2CONbits                        00000000
_T3CON                            00000000
_T3CONbits                        00000000
_TABLAT                           00000000
_TBLPTRH                          00000000
_TBLPTRL                          00000000
_TBLPTRU                          00000000
_TBLPTRUbits                      00000000
_TMR0H                            00000000
_TMR0L                            00000000
_TMR1H                            00000000
_TMR1L                            00000000
_TMR2                             00000000
_TMR3H                            00000000
_TMR3L                            00000000
_TOSH                             00000000
_TOSL                             00000000
_TOSU                             00000000
_TOSUbits                         00000000
_TRISA                            00000000
_TRISAbits                        00000000
_TRISB                            00000000
_TRISBbits                        00000000
_TRISC                            00000000
_TRISCbits                        00000000
_TRISD                            00000000
_TRISDbits                        00000000
_TRISE                            00000000
_TRISEbits                        00000000
_TXREG                            00000000
_TXSTA                            00000000
_TXSTAbits                        00000000
_UADDR                            00000000
_UADDRbits                        00000000
_UCFG                             00000000
_UCFGbits                         00000000
_UCON                             00000000
_UCONbits                         00000000
_UEIE                             00000000
_UEIEbits                         00000000
_UEIR                             00000000
_UEIRbits                         00000000
_UEP0                             00000000
_UEP0bits                         00000000
_UEP1                             00000000
_UEP10                            00000000
_UEP10bits                        00000000
_UEP11                            00000000
_UEP11bits                        00000000
_UEP12                            00000000
_UEP12bits                        00000000
gpasm-0.13.4 beta               main.asm    5-19-2009  21:44:03          PAGE 14


LOC  OBJECT CODE     LINE SOURCE TEXT
  VALUE
 
_UEP13                            00000000
_UEP13bits                        00000000
_UEP14                            00000000
_UEP14bits                        00000000
_UEP15                            00000000
_UEP15bits                        00000000
_UEP1bits                         00000000
_UEP2                             00000000
_UEP2bits                         00000000
_UEP3                             00000000
_UEP3bits                         00000000
_UEP4                             00000000
_UEP4bits                         00000000
_UEP5                             00000000
_UEP5bits                         00000000
_UEP6                             00000000
_UEP6bits                         00000000
_UEP7                             00000000
_UEP7bits                         00000000
_UEP8                             00000000
_UEP8bits                         00000000
_UEP9                             00000000
_UEP9bits                         00000000
_UFRMH                            00000000
_UFRMHbits                        00000000
_UFRML                            00000000
_UFRMLbits                        00000000
_UIE                              00000000
_UIEbits                          00000000
_UIR                              00000000
_UIRbits                          00000000
_USTAT                            00000000
_USTATbits                        00000000
_WDTCON                           00000000
_WDTCONbits                       00000000
_WREG                             00000000
__18F4550                         00000001
_an_data                          00000000
_application_main                 00000000
_dispatch_usb_event               00000000
_ep2_num_bytes_to_send            00000000
_ep2_source_data                  00000000
_etat_moteur                      00000000
_gestionservos_tmr1               00000000
_gestionservos_tmr2               00000000
_high_priority_isr                00002020
_init_adconversion                00000000
_init_moteursetjack               00000000
_init_servos                      00000000
_low_priority_isr                 00004000
_maj_result                       00000000
_moteursetjack_ints_INT0          00000000
_moteursetjack_ints_INT1          00000000
_moteursetjack_ints_INT2          00000000
gpasm-0.13.4 beta               main.asm    5-19-2009  21:44:03          PAGE 15


LOC  OBJECT CODE     LINE SOURCE TEXT
  VALUE
 
_moteursetjack_ints_RB_bas        00000000
_moteursetjack_ints_RB_haut       00000000
_moteursetjack_ints_tmr0          00000000
_mydata                           00000000
_usb_active_alt_setting           00000000
_usb_active_cfg                   00000000
_usb_device_state                 00000000
_usb_sleep                        00000000


Errors   :       0
Warnings :       0 reported,       0 suppressed
Messages :       0 reported,       0 suppressed

