gpasm-0.13.4 beta               usb_descriptors.asm5-19-2009  21:44:03          PAGE  1


LOC  OBJECT CODE     LINE SOURCE TEXT
  VALUE
 
               00001 ;--------------------------------------------------------
               00002 ; File Created by SDCC : FreeWare ANSI-C Compiler
               00003 ; Version 2.6.1 #4482 (Mar 15 2009)
               00004 ; This file generated Tue May 19 21:44:03 2009
               00005 ;--------------------------------------------------------
               00006 ; PIC16 port for the Microchip 16-bit core micros
               00007 ;--------------------------------------------------------
               00008         list    p=18f4550
               00009 
               00010         radix dec
               00011 
               00012 ;--------------------------------------------------------
               00013 ; public variables in this module
               00014 ;--------------------------------------------------------
               00015         global _null_function
               00016         global _device_descriptor
               00017         global _default_cfg
               00018         global _flash_cfg
               00019         global _application_cfg
               00020         global _configuration_descriptor
               00021         global _str0
               00022         global _str1
               00023         global _str2
               00024         global _str3
               00025         global _str4
               00026         global _str5
               00027         global _string_descriptor
               00028         global _ep_init
               00029         global _ep_in
               00030         global _ep_out
               00031         global _ep_setup
               00032 
               00033 ;--------------------------------------------------------
               00034 ; extern variables in this module
               00035 ;--------------------------------------------------------
               00036         extern _ep_bdt
               00037         extern _SPPDATAbits
               00038         extern _SPPCFGbits
               00039         extern _SPPEPSbits
               00040         extern _SPPCONbits
               00041         extern _UFRMLbits
               00042         extern _UFRMHbits
               00043         extern _UIRbits
               00044         extern _UIEbits
               00045         extern _UEIRbits
               00046         extern _UEIEbits
               00047         extern _USTATbits
               00048         extern _UCONbits
               00049         extern _UADDRbits
               00050         extern _UCFGbits
               00051         extern _UEP0bits
               00052         extern _UEP1bits
               00053         extern _UEP2bits
               00054         extern _UEP3bits
gpasm-0.13.4 beta               usb_descriptors.asm5-19-2009  21:44:03          PAGE  2


LOC  OBJECT CODE     LINE SOURCE TEXT
  VALUE
 
               00055         extern _UEP4bits
               00056         extern _UEP5bits
               00057         extern _UEP6bits
               00058         extern _UEP7bits
               00059         extern _UEP8bits
               00060         extern _UEP9bits
               00061         extern _UEP10bits
               00062         extern _UEP11bits
               00063         extern _UEP12bits
               00064         extern _UEP13bits
               00065         extern _UEP14bits
               00066         extern _UEP15bits
               00067         extern _PORTAbits
               00068         extern _PORTBbits
               00069         extern _PORTCbits
               00070         extern _PORTDbits
               00071         extern _PORTEbits
               00072         extern _LATAbits
               00073         extern _LATBbits
               00074         extern _LATCbits
               00075         extern _LATDbits
               00076         extern _LATEbits
               00077         extern _TRISAbits
               00078         extern _TRISBbits
               00079         extern _TRISCbits
               00080         extern _TRISDbits
               00081         extern _TRISEbits
               00082         extern _OSCTUNEbits
               00083         extern _PIE1bits
               00084         extern _PIR1bits
               00085         extern _IPR1bits
               00086         extern _PIE2bits
               00087         extern _PIR2bits
               00088         extern _IPR2bits
               00089         extern _EECON1bits
               00090         extern _RCSTAbits
               00091         extern _TXSTAbits
               00092         extern _T3CONbits
               00093         extern _CMCONbits
               00094         extern _CVRCONbits
               00095         extern _ECCP1ASbits
               00096         extern _ECCP1DELbits
               00097         extern _BAUDCONbits
               00098         extern _CCP2CONbits
               00099         extern _CCP1CONbits
               00100         extern _ADCON2bits
               00101         extern _ADCON1bits
               00102         extern _ADCON0bits
               00103         extern _SSPCON2bits
               00104         extern _SSPCON1bits
               00105         extern _SSPSTATbits
               00106         extern _T2CONbits
               00107         extern _T1CONbits
               00108         extern _RCONbits
gpasm-0.13.4 beta               usb_descriptors.asm5-19-2009  21:44:03          PAGE  3


LOC  OBJECT CODE     LINE SOURCE TEXT
  VALUE
 
               00109         extern _WDTCONbits
               00110         extern _HLVDCONbits
               00111         extern _OSCCONbits
               00112         extern _T0CONbits
               00113         extern _STATUSbits
               00114         extern _FSR2Hbits
               00115         extern _BSRbits
               00116         extern _FSR1Hbits
               00117         extern _FSR0Hbits
               00118         extern _INTCON3bits
               00119         extern _INTCON2bits
               00120         extern _INTCONbits
               00121         extern _TBLPTRUbits
               00122         extern _PCLATHbits
               00123         extern _PCLATUbits
               00124         extern _STKPTRbits
               00125         extern _TOSUbits
               00126         extern _usb_device_state
               00127         extern _usb_active_cfg
               00128         extern _usb_active_alt_setting
               00129         extern _ep2_num_bytes_to_send
               00130         extern _ep2_source_data
               00131         extern _an_data
               00132         extern _mydata
               00133         extern _SPPDATA
               00134         extern _SPPCFG
               00135         extern _SPPEPS
               00136         extern _SPPCON
               00137         extern _UFRML
               00138         extern _UFRMH
               00139         extern _UIR
               00140         extern _UIE
               00141         extern _UEIR
               00142         extern _UEIE
               00143         extern _USTAT
               00144         extern _UCON
               00145         extern _UADDR
               00146         extern _UCFG
               00147         extern _UEP0
               00148         extern _UEP1
               00149         extern _UEP2
               00150         extern _UEP3
               00151         extern _UEP4
               00152         extern _UEP5
               00153         extern _UEP6
               00154         extern _UEP7
               00155         extern _UEP8
               00156         extern _UEP9
               00157         extern _UEP10
               00158         extern _UEP11
               00159         extern _UEP12
               00160         extern _UEP13
               00161         extern _UEP14
               00162         extern _UEP15
gpasm-0.13.4 beta               usb_descriptors.asm5-19-2009  21:44:03          PAGE  4


LOC  OBJECT CODE     LINE SOURCE TEXT
  VALUE
 
               00163         extern _PORTA
               00164         extern _PORTB
               00165         extern _PORTC
               00166         extern _PORTD
               00167         extern _PORTE
               00168         extern _LATA
               00169         extern _LATB
               00170         extern _LATC
               00171         extern _LATD
               00172         extern _LATE
               00173         extern _TRISA
               00174         extern _TRISB
               00175         extern _TRISC
               00176         extern _TRISD
               00177         extern _TRISE
               00178         extern _OSCTUNE
               00179         extern _PIE1
               00180         extern _PIR1
               00181         extern _IPR1
               00182         extern _PIE2
               00183         extern _PIR2
               00184         extern _IPR2
               00185         extern _EECON1
               00186         extern _EECON2
               00187         extern _EEDATA
               00188         extern _EEADR
               00189         extern _RCSTA
               00190         extern _TXSTA
               00191         extern _TXREG
               00192         extern _RCREG
               00193         extern _SPBRG
               00194         extern _SPBRGH
               00195         extern _T3CON
               00196         extern _TMR3L
               00197         extern _TMR3H
               00198         extern _CMCON
               00199         extern _CVRCON
               00200         extern _ECCP1AS
               00201         extern _ECCP1DEL
               00202         extern _BAUDCON
               00203         extern _CCP2CON
               00204         extern _CCPR2L
               00205         extern _CCPR2H
               00206         extern _CCP1CON
               00207         extern _CCPR1L
               00208         extern _CCPR1H
               00209         extern _ADCON2
               00210         extern _ADCON1
               00211         extern _ADCON0
               00212         extern _ADRESL
               00213         extern _ADRESH
               00214         extern _SSPCON2
               00215         extern _SSPCON1
               00216         extern _SSPSTAT
gpasm-0.13.4 beta               usb_descriptors.asm5-19-2009  21:44:03          PAGE  5


LOC  OBJECT CODE     LINE SOURCE TEXT
  VALUE
 
               00217         extern _SSPADD
               00218         extern _SSPBUF
               00219         extern _T2CON
               00220         extern _PR2
               00221         extern _TMR2
               00222         extern _T1CON
               00223         extern _TMR1L
               00224         extern _TMR1H
               00225         extern _RCON
               00226         extern _WDTCON
               00227         extern _HLVDCON
               00228         extern _OSCCON
               00229         extern _T0CON
               00230         extern _TMR0L
               00231         extern _TMR0H
               00232         extern _STATUS
               00233         extern _FSR2L
               00234         extern _FSR2H
               00235         extern _PLUSW2
               00236         extern _PREINC2
               00237         extern _POSTDEC2
               00238         extern _POSTINC2
               00239         extern _INDF2
               00240         extern _BSR
               00241         extern _FSR1L
               00242         extern _FSR1H
               00243         extern _PLUSW1
               00244         extern _PREINC1
               00245         extern _POSTDEC1
               00246         extern _POSTINC1
               00247         extern _INDF1
               00248         extern _WREG
               00249         extern _FSR0L
               00250         extern _FSR0H
               00251         extern _PLUSW0
               00252         extern _PREINC0
               00253         extern _POSTDEC0
               00254         extern _POSTINC0
               00255         extern _INDF0
               00256         extern _INTCON3
               00257         extern _INTCON2
               00258         extern _INTCON
               00259         extern _PRODL
               00260         extern _PRODH
               00261         extern _TABLAT
               00262         extern _TBLPTRL
               00263         extern _TBLPTRH
               00264         extern _TBLPTRU
               00265         extern _PCL
               00266         extern _PCLATH
               00267         extern _PCLATU
               00268         extern _STKPTR
               00269         extern _TOSL
               00270         extern _TOSH
gpasm-0.13.4 beta               usb_descriptors.asm5-19-2009  21:44:03          PAGE  6


LOC  OBJECT CODE     LINE SOURCE TEXT
  VALUE
 
               00271         extern _TOSU
               00272         extern _ep0_init
               00273         extern _ep1_init
               00274         extern _ep2_init
               00275         extern _my_ep1_init
               00276         extern _my_ep2_init
               00277         extern _ep0_in
               00278         extern _ep2_in
               00279         extern _my_ep2_in
               00280         extern _ep1_out
               00281         extern _my_ep1_out
               00282         extern _ep0_setup
               00283 
               00284 ;--------------------------------------------------------
               00285 ; global & static initialisations
               00286 ;--------------------------------------------------------
               00287 ; I code from now on!
               00288 ; ; Starting pCode block
               00289 S_usb_descriptors__null_function        code
0000           00290 _null_function:
0000 0012      00291         return
               00292         
               00293 ; ; Starting pCode block for Ival
               00294         code
0000           00295 _device_descriptor:
0000 0112 0200 00296         DB      0x12, 0x01, 0x00, 0x02, 0xff, 0x00, 0xff, 0x08, 0xa5, 0xa5, 0x02, 0x00
0004 00FF 08FF
0008 A5A5 0002
000C 0100 0201 00297         DB      0x00, 0x01, 0x01, 0x02, 0x03, 0x03
0010 0303
               00298 ; ; Starting pCode block for Ival
0012           00299 _default_cfg:
0012 0209 0012 00300         DB      0x09, 0x02, 0x12, 0x00, 0x01, 0x01, 0x04, 0xc0, 0x00, 0x09, 0x04, 0x00
0016 0101 C004
001A 0900 0004
001E 0000 FFFF 00301         DB      0x00, 0x00, 0xff, 0xff, 0xff, 0x04
0022 04FF
               00302 ; ; Starting pCode block for Ival
0024           00303 _flash_cfg:
0024 0209 0020 00304         DB      0x09, 0x02, 0x20, 0x00, 0x01, 0x02, 0x05, 0xc0, 0x00, 0x09, 0x04, 0x00
0028 0201 C005
002C 0900 0004
0030 0200 FFFF 00305         DB      0x00, 0x02, 0xff, 0xff, 0xff, 0x05, 0x07, 0x05, 0x01, 0x02, 0x40, 0x00
0034 05FF 0507
0038 0201 0040
003C 0700 8205 00306         DB      0x00, 0x07, 0x05, 0x82, 0x02, 0x40, 0x00, 0x00
0040 4002 0000
               00307 ; ; Starting pCode block for Ival
0044           00308 _application_cfg:
0044 0209 0020 00309         DB      0x09, 0x02, 0x20, 0x00, 0x01, 0x03, 0x04, 0xc0, 0x00, 0x09, 0x04, 0x00
0048 0301 C004
004C 0900 0004
0050 0200 FFFF 00310         DB      0x00, 0x02, 0xff, 0xff, 0xff, 0x04, 0x07, 0x05, 0x01, 0x02, 0x40, 0x00
0054 04FF 0507
gpasm-0.13.4 beta               usb_descriptors.asm5-19-2009  21:44:03          PAGE  7


LOC  OBJECT CODE     LINE SOURCE TEXT
  VALUE
 
0058 0201 0040
005C 0700 8205 00311         DB      0x00, 0x07, 0x05, 0x82, 0x02, 0x40, 0x00, 0x00
0060 4002 0000
               00312 ; ; Starting pCode block for Ival
0064           00313 _configuration_descriptor:
0064 0000 0000 00314         DB      LOW(_default_cfg), HIGH(_default_cfg), UPPER(_default_cfg), LOW(_flash_cfg), HIGH(_flash_cfg), UPPER(_flash_cfg), LOW(_application_cfg), HIGH(_application_cfg), UPPER(_application_cfg)
0068 0000 0000
006C 0000
               00315 ; ; Starting pCode block for Ival
006E           00316 _str0:
006E 0304 0409 00317         DB      0x04, 0x03, 0x09, 0x04
               00318 ; ; Starting pCode block for Ival
0072           00319 _str1:
0072 031C 0056 00320         DB      0x1c, 0x03, 0x56, 0x00, 0x61, 0x00, 0x73, 0x00, 0x63, 0x00, 0x6f, 0x00
0076 0061 0073
007A 0063 006F
007E 0020 0050 00321         DB      0x20, 0x00, 0x50, 0x00, 0x72, 0x00, 0x6f, 0x00, 0x6a, 0x00, 0x65, 0x00
0082 0072 006F
0086 006A 0065
008A 0063 0074 00322         DB      0x63, 0x00, 0x74, 0x00
               00323 ; ; Starting pCode block for Ival
008E           00324 _str2:
008E 031C 0054 00325         DB      0x1c, 0x03, 0x54, 0x00, 0x6f, 0x00, 0x67, 0x00, 0x67, 0x00, 0x6c, 0x00
0092 006F 0067
0096 0067 006C
009A 0065 0020 00326         DB      0x65, 0x00, 0x20, 0x00, 0x6d, 0x00, 0x6f, 0x00, 0x64, 0x00, 0x75, 0x00
009E 006D 006F
00A2 0064 0075
00A6 006C 0065 00327         DB      0x6c, 0x00, 0x65, 0x00
               00328 ; ; Starting pCode block for Ival
00AA           00329 _str3:
00AA 0304 0031 00330         DB      0x04, 0x03, 0x31, 0x00
               00331 ; ; Starting pCode block for Ival
00AE           00332 _str4:
00AE 0310 0044 00333         DB      0x10, 0x03, 0x44, 0x00, 0x65, 0x00, 0x66, 0x00, 0x61, 0x00, 0x75, 0x00
00B2 0065 0066
00B6 0061 0075
00BA 006C 0074 00334         DB      0x6c, 0x00, 0x74, 0x00
               00335 ; ; Starting pCode block for Ival
00BE           00336 _str5:
00BE 030C 0046 00337         DB      0x0c, 0x03, 0x46, 0x00, 0x6c, 0x00, 0x61, 0x00, 0x73, 0x00, 0x68, 0x00
00C2 006C 0061
00C6 0073 0068
               00338 ; ; Starting pCode block for Ival
00CA           00339 _string_descriptor:
00CA 0000 0000 00340         DB      LOW(_str0), HIGH(_str0), UPPER(_str0), LOW(_str1), HIGH(_str1), UPPER(_str1), LOW(_str2), HIGH(_str2), UPPER(_str2), LOW(_str3), HIGH(_str3), UPPER(_str3)
00CE 0000 0000
00D2 0000 0000
00D6 0000 0000 00341         DB      LOW(_str4), HIGH(_str4), UPPER(_str4), LOW(_str5), HIGH(_str5), UPPER(_str5)
00DA 0000
               00342 ; ; Starting pCode block for Ival
00DC           00343 _ep_init_cfg0:
00DC 0000 0000 00344         DB      LOW(_ep0_init), HIGH(_ep0_init), UPPER(_ep0_init), LOW(_null_function), HIGH(_null_function), UPPER(_null_function), LOW(_null_function), HIGH(_null_function), UPPER(_null_function), LOW(_null_function), HIGH(_null_function), UPPER(_null_function)
00E0 0000 0000
gpasm-0.13.4 beta               usb_descriptors.asm5-19-2009  21:44:03          PAGE  8


LOC  OBJECT CODE     LINE SOURCE TEXT
  VALUE
 
00E4 0000 0000
00E8 0000 0000 00345         DB      LOW(_null_function), HIGH(_null_function), UPPER(_null_function), LOW(_null_function), HIGH(_null_function), UPPER(_null_function), LOW(_null_function), HIGH(_null_function), UPPER(_null_function), LOW(_null_function), HIGH(_null_function), UPPER(_null_function)
00EC 0000 0000
00F0 0000 0000
00F4 0000 0000 00346         DB      LOW(_null_function), HIGH(_null_function), UPPER(_null_function), LOW(_null_function), HIGH(_null_function), UPPER(_null_function), LOW(_null_function), HIGH(_null_function), UPPER(_null_function), LOW(_null_function), HIGH(_null_function), UPPER(_null_function)
00F8 0000 0000
00FC 0000 0000
0100 0000 0000 00347         DB      LOW(_null_function), HIGH(_null_function), UPPER(_null_function), LOW(_null_function), HIGH(_null_function), UPPER(_null_function), LOW(_null_function), HIGH(_null_function), UPPER(_null_function), LOW(_null_function), HIGH(_null_function), UPPER(_null_function)
0104 0000 0000
0108 0000 0000
               00348 ; ; Starting pCode block for Ival
010C           00349 _ep_init_cfg1:
010C 0000 0000 00350         DB      LOW(_ep0_init), HIGH(_ep0_init), UPPER(_ep0_init), LOW(_ep1_init), HIGH(_ep1_init), UPPER(_ep1_init), LOW(_ep2_init), HIGH(_ep2_init), UPPER(_ep2_init), LOW(_null_function), HIGH(_null_function), UPPER(_null_function)
0110 0000 0000
0114 0000 0000
0118 0000 0000 00351         DB      LOW(_null_function), HIGH(_null_function), UPPER(_null_function), LOW(_null_function), HIGH(_null_function), UPPER(_null_function), LOW(_null_function), HIGH(_null_function), UPPER(_null_function), LOW(_null_function), HIGH(_null_function), UPPER(_null_function)
011C 0000 0000
0120 0000 0000
0124 0000 0000 00352         DB      LOW(_null_function), HIGH(_null_function), UPPER(_null_function), LOW(_null_function), HIGH(_null_function), UPPER(_null_function), LOW(_null_function), HIGH(_null_function), UPPER(_null_function), LOW(_null_function), HIGH(_null_function), UPPER(_null_function)
0128 0000 0000
012C 0000 0000
0130 0000 0000 00353         DB      LOW(_null_function), HIGH(_null_function), UPPER(_null_function), LOW(_null_function), HIGH(_null_function), UPPER(_null_function), LOW(_null_function), HIGH(_null_function), UPPER(_null_function), LOW(_null_function), HIGH(_null_function), UPPER(_null_function)
0134 0000 0000
0138 0000 0000
               00354 ; ; Starting pCode block for Ival
013C           00355 _ep_init_cfg2:
013C 0000 0000 00356         DB      LOW(_ep0_init), HIGH(_ep0_init), UPPER(_ep0_init), LOW(_my_ep1_init), HIGH(_my_ep1_init), UPPER(_my_ep1_init), LOW(_my_ep2_init), HIGH(_my_ep2_init), UPPER(_my_ep2_init), LOW(_null_function), HIGH(_null_function), UPPER(_null_function)
0140 0000 0000
0144 0000 0000
0148 0000 0000 00357         DB      LOW(_null_function), HIGH(_null_function), UPPER(_null_function), LOW(_null_function), HIGH(_null_function), UPPER(_null_function), LOW(_null_function), HIGH(_null_function), UPPER(_null_function), LOW(_null_function), HIGH(_null_function), UPPER(_null_function)
014C 0000 0000
0150 0000 0000
0154 0000 0000 00358         DB      LOW(_null_function), HIGH(_null_function), UPPER(_null_function), LOW(_null_function), HIGH(_null_function), UPPER(_null_function), LOW(_null_function), HIGH(_null_function), UPPER(_null_function), LOW(_null_function), HIGH(_null_function), UPPER(_null_function)
0158 0000 0000
015C 0000 0000
0160 0000 0000 00359         DB      LOW(_null_function), HIGH(_null_function), UPPER(_null_function), LOW(_null_function), HIGH(_null_function), UPPER(_null_function), LOW(_null_function), HIGH(_null_function), UPPER(_null_function), LOW(_null_function), HIGH(_null_function), UPPER(_null_function)
0164 0000 0000
0168 0000 0000
               00360 ; ; Starting pCode block for Ival
016C           00361 _ep_init:
016C 0000 0000 00362         DB      LOW(_ep_init_cfg0), HIGH(_ep_init_cfg0), UPPER(_ep_init_cfg0), LOW(_ep_init_cfg0), HIGH(_ep_init_cfg0), UPPER(_ep_init_cfg0), LOW(_ep_init_cfg1), HIGH(_ep_init_cfg1), UPPER(_ep_init_cfg1), LOW(_ep_init_cfg2), HIGH(_ep_init_cfg2), UPPER(_ep_init_cfg2)
0170 0000 0000
0174 0000 0000
               00363 ; ; Starting pCode block for Ival
0178           00364 _ep_in_cfg0:
0178 0000 0000 00365         DB      LOW(_ep0_in), HIGH(_ep0_in), UPPER(_ep0_in), LOW(_null_function), HIGH(_null_function), UPPER(_null_function), LOW(_null_function), HIGH(_null_function), UPPER(_null_function), LOW(_null_function), HIGH(_null_function), UPPER(_null_function)
017C 0000 0000
0180 0000 0000
0184 0000 0000 00366         DB      LOW(_null_function), HIGH(_null_function), UPPER(_null_function), LOW(_null_function), HIGH(_null_function), UPPER(_null_function), LOW(_null_function), HIGH(_null_function), UPPER(_null_function), LOW(_null_function), HIGH(_null_function), UPPER(_null_function)
0188 0000 0000
018C 0000 0000
0190 0000 0000 00367         DB      LOW(_null_function), HIGH(_null_function), UPPER(_null_function), LOW(_null_function), HIGH(_null_function), UPPER(_null_function), LOW(_null_function), HIGH(_null_function), UPPER(_null_function), LOW(_null_function), HIGH(_null_function), UPPER(_null_function)
0194 0000 0000
0198 0000 0000
gpasm-0.13.4 beta               usb_descriptors.asm5-19-2009  21:44:03          PAGE  9


LOC  OBJECT CODE     LINE SOURCE TEXT
  VALUE
 
019C 0000 0000 00368         DB      LOW(_null_function), HIGH(_null_function), UPPER(_null_function), LOW(_null_function), HIGH(_null_function), UPPER(_null_function), LOW(_null_function), HIGH(_null_function), UPPER(_null_function), LOW(_null_function), HIGH(_null_function), UPPER(_null_function)
01A0 0000 0000
01A4 0000 0000
               00369 ; ; Starting pCode block for Ival
01A8           00370 _ep_in_cfg1:
01A8 0000 0000 00371         DB      LOW(_ep0_in), HIGH(_ep0_in), UPPER(_ep0_in), LOW(_null_function), HIGH(_null_function), UPPER(_null_function), LOW(_ep2_in), HIGH(_ep2_in), UPPER(_ep2_in), LOW(_null_function), HIGH(_null_function), UPPER(_null_function)
01AC 0000 0000
01B0 0000 0000
01B4 0000 0000 00372         DB      LOW(_null_function), HIGH(_null_function), UPPER(_null_function), LOW(_null_function), HIGH(_null_function), UPPER(_null_function), LOW(_null_function), HIGH(_null_function), UPPER(_null_function), LOW(_null_function), HIGH(_null_function), UPPER(_null_function)
01B8 0000 0000
01BC 0000 0000
01C0 0000 0000 00373         DB      LOW(_null_function), HIGH(_null_function), UPPER(_null_function), LOW(_null_function), HIGH(_null_function), UPPER(_null_function), LOW(_null_function), HIGH(_null_function), UPPER(_null_function), LOW(_null_function), HIGH(_null_function), UPPER(_null_function)
01C4 0000 0000
01C8 0000 0000
01CC 0000 0000 00374         DB      LOW(_null_function), HIGH(_null_function), UPPER(_null_function), LOW(_null_function), HIGH(_null_function), UPPER(_null_function), LOW(_null_function), HIGH(_null_function), UPPER(_null_function), LOW(_null_function), HIGH(_null_function), UPPER(_null_function)
01D0 0000 0000
01D4 0000 0000
               00375 ; ; Starting pCode block for Ival
01D8           00376 _ep_in_cfg2:
01D8 0000 0000 00377         DB      LOW(_ep0_in), HIGH(_ep0_in), UPPER(_ep0_in), LOW(_null_function), HIGH(_null_function), UPPER(_null_function), LOW(_my_ep2_in), HIGH(_my_ep2_in), UPPER(_my_ep2_in), LOW(_null_function), HIGH(_null_function), UPPER(_null_function)
01DC 0000 0000
01E0 0000 0000
01E4 0000 0000 00378         DB      LOW(_null_function), HIGH(_null_function), UPPER(_null_function), LOW(_null_function), HIGH(_null_function), UPPER(_null_function), LOW(_null_function), HIGH(_null_function), UPPER(_null_function), LOW(_null_function), HIGH(_null_function), UPPER(_null_function)
01E8 0000 0000
01EC 0000 0000
01F0 0000 0000 00379         DB      LOW(_null_function), HIGH(_null_function), UPPER(_null_function), LOW(_null_function), HIGH(_null_function), UPPER(_null_function), LOW(_null_function), HIGH(_null_function), UPPER(_null_function), LOW(_null_function), HIGH(_null_function), UPPER(_null_function)
01F4 0000 0000
01F8 0000 0000
01FC 0000 0000 00380         DB      LOW(_null_function), HIGH(_null_function), UPPER(_null_function), LOW(_null_function), HIGH(_null_function), UPPER(_null_function), LOW(_null_function), HIGH(_null_function), UPPER(_null_function), LOW(_null_function), HIGH(_null_function), UPPER(_null_function)
0200 0000 0000
0204 0000 0000
               00381 ; ; Starting pCode block for Ival
0208           00382 _ep_in:
0208 0000 0000 00383         DB      LOW(_ep_in_cfg0), HIGH(_ep_in_cfg0), UPPER(_ep_in_cfg0), LOW(_ep_in_cfg0), HIGH(_ep_in_cfg0), UPPER(_ep_in_cfg0), LOW(_ep_in_cfg1), HIGH(_ep_in_cfg1), UPPER(_ep_in_cfg1), LOW(_ep_in_cfg2), HIGH(_ep_in_cfg2), UPPER(_ep_in_cfg2)
020C 0000 0000
0210 0000 0000
               00384 ; ; Starting pCode block for Ival
0214           00385 _ep_out_cfg0:
0214 0000 0000 00386         DB      LOW(_ep0_init), HIGH(_ep0_init), UPPER(_ep0_init), LOW(_null_function), HIGH(_null_function), UPPER(_null_function), LOW(_null_function), HIGH(_null_function), UPPER(_null_function), LOW(_null_function), HIGH(_null_function), UPPER(_null_function)
0218 0000 0000
021C 0000 0000
0220 0000 0000 00387         DB      LOW(_null_function), HIGH(_null_function), UPPER(_null_function), LOW(_null_function), HIGH(_null_function), UPPER(_null_function), LOW(_null_function), HIGH(_null_function), UPPER(_null_function), LOW(_null_function), HIGH(_null_function), UPPER(_null_function)
0224 0000 0000
0228 0000 0000
022C 0000 0000 00388         DB      LOW(_null_function), HIGH(_null_function), UPPER(_null_function), LOW(_null_function), HIGH(_null_function), UPPER(_null_function), LOW(_null_function), HIGH(_null_function), UPPER(_null_function), LOW(_null_function), HIGH(_null_function), UPPER(_null_function)
0230 0000 0000
0234 0000 0000
0238 0000 0000 00389         DB      LOW(_null_function), HIGH(_null_function), UPPER(_null_function), LOW(_null_function), HIGH(_null_function), UPPER(_null_function), LOW(_null_function), HIGH(_null_function), UPPER(_null_function), LOW(_null_function), HIGH(_null_function), UPPER(_null_function)
023C 0000 0000
0240 0000 0000
               00390 ; ; Starting pCode block for Ival
0244           00391 _ep_out_cfg1:
0244 0000 0000 00392         DB      LOW(_ep0_init), HIGH(_ep0_init), UPPER(_ep0_init), LOW(_ep1_out), HIGH(_ep1_out), UPPER(_ep1_out), LOW(_null_function), HIGH(_null_function), UPPER(_null_function), LOW(_null_function), HIGH(_null_function), UPPER(_null_function)
0248 0000 0000
gpasm-0.13.4 beta               usb_descriptors.asm5-19-2009  21:44:03          PAGE 10


LOC  OBJECT CODE     LINE SOURCE TEXT
  VALUE
 
024C 0000 0000
0250 0000 0000 00393         DB      LOW(_null_function), HIGH(_null_function), UPPER(_null_function), LOW(_null_function), HIGH(_null_function), UPPER(_null_function), LOW(_null_function), HIGH(_null_function), UPPER(_null_function), LOW(_null_function), HIGH(_null_function), UPPER(_null_function)
0254 0000 0000
0258 0000 0000
025C 0000 0000 00394         DB      LOW(_null_function), HIGH(_null_function), UPPER(_null_function), LOW(_null_function), HIGH(_null_function), UPPER(_null_function), LOW(_null_function), HIGH(_null_function), UPPER(_null_function), LOW(_null_function), HIGH(_null_function), UPPER(_null_function)
0260 0000 0000
0264 0000 0000
0268 0000 0000 00395         DB      LOW(_null_function), HIGH(_null_function), UPPER(_null_function), LOW(_null_function), HIGH(_null_function), UPPER(_null_function), LOW(_null_function), HIGH(_null_function), UPPER(_null_function), LOW(_null_function), HIGH(_null_function), UPPER(_null_function)
026C 0000 0000
0270 0000 0000
               00396 ; ; Starting pCode block for Ival
0274           00397 _ep_out_cfg2:
0274 0000 0000 00398         DB      LOW(_ep0_init), HIGH(_ep0_init), UPPER(_ep0_init), LOW(_my_ep1_out), HIGH(_my_ep1_out), UPPER(_my_ep1_out), LOW(_null_function), HIGH(_null_function), UPPER(_null_function), LOW(_null_function), HIGH(_null_function), UPPER(_null_function)
0278 0000 0000
027C 0000 0000
0280 0000 0000 00399         DB      LOW(_null_function), HIGH(_null_function), UPPER(_null_function), LOW(_null_function), HIGH(_null_function), UPPER(_null_function), LOW(_null_function), HIGH(_null_function), UPPER(_null_function), LOW(_null_function), HIGH(_null_function), UPPER(_null_function)
0284 0000 0000
0288 0000 0000
028C 0000 0000 00400         DB      LOW(_null_function), HIGH(_null_function), UPPER(_null_function), LOW(_null_function), HIGH(_null_function), UPPER(_null_function), LOW(_null_function), HIGH(_null_function), UPPER(_null_function), LOW(_null_function), HIGH(_null_function), UPPER(_null_function)
0290 0000 0000
0294 0000 0000
0298 0000 0000 00401         DB      LOW(_null_function), HIGH(_null_function), UPPER(_null_function), LOW(_null_function), HIGH(_null_function), UPPER(_null_function), LOW(_null_function), HIGH(_null_function), UPPER(_null_function), LOW(_null_function), HIGH(_null_function), UPPER(_null_function)
029C 0000 0000
02A0 0000 0000
               00402 ; ; Starting pCode block for Ival
02A4           00403 _ep_out:
02A4 0000 0000 00404         DB      LOW(_ep_out_cfg0), HIGH(_ep_out_cfg0), UPPER(_ep_out_cfg0), LOW(_ep_out_cfg0), HIGH(_ep_out_cfg0), UPPER(_ep_out_cfg0), LOW(_ep_out_cfg1), HIGH(_ep_out_cfg1), UPPER(_ep_out_cfg1), LOW(_ep_out_cfg2), HIGH(_ep_out_cfg2), UPPER(_ep_out_cfg2)
02A8 0000 0000
02AC 0000 0000
               00405 ; ; Starting pCode block for Ival
02B0           00406 _ep_setup_cfg0:
02B0 0000 0000 00407         DB      LOW(_ep0_setup), HIGH(_ep0_setup), UPPER(_ep0_setup), LOW(_null_function), HIGH(_null_function), UPPER(_null_function), LOW(_null_function), HIGH(_null_function), UPPER(_null_function), LOW(_null_function), HIGH(_null_function), UPPER(_null_function)
02B4 0000 0000
02B8 0000 0000
02BC 0000 0000 00408         DB      LOW(_null_function), HIGH(_null_function), UPPER(_null_function), LOW(_null_function), HIGH(_null_function), UPPER(_null_function), LOW(_null_function), HIGH(_null_function), UPPER(_null_function), LOW(_null_function), HIGH(_null_function), UPPER(_null_function)
02C0 0000 0000
02C4 0000 0000
02C8 0000 0000 00409         DB      LOW(_null_function), HIGH(_null_function), UPPER(_null_function), LOW(_null_function), HIGH(_null_function), UPPER(_null_function), LOW(_null_function), HIGH(_null_function), UPPER(_null_function), LOW(_null_function), HIGH(_null_function), UPPER(_null_function)
02CC 0000 0000
02D0 0000 0000
02D4 0000 0000 00410         DB      LOW(_null_function), HIGH(_null_function), UPPER(_null_function), LOW(_null_function), HIGH(_null_function), UPPER(_null_function), LOW(_null_function), HIGH(_null_function), UPPER(_null_function), LOW(_null_function), HIGH(_null_function), UPPER(_null_function)
02D8 0000 0000
02DC 0000 0000
               00411 ; ; Starting pCode block for Ival
02E0           00412 _ep_setup:
02E0 0000 0000 00413         DB      LOW(_ep_setup_cfg0), HIGH(_ep_setup_cfg0), UPPER(_ep_setup_cfg0), LOW(_ep_setup_cfg0), HIGH(_ep_setup_cfg0), UPPER(_ep_setup_cfg0), LOW(_ep_setup_cfg0), HIGH(_ep_setup_cfg0), UPPER(_ep_setup_cfg0), LOW(_ep_setup_cfg0), HIGH(_ep_setup_cfg0), UPPER(_ep_setup_cfg0)
02E4 0000 0000
02E8 0000 0000
               00414 
               00415 
               00416 ; Statistics:
               00417 ; code size:      142 (0x008e) bytes ( 0.11%)
               00418 ;                  71 (0x0047) words
               00419 ; udata size:       0 (0x0000) bytes ( 0.00%)
gpasm-0.13.4 beta               usb_descriptors.asm5-19-2009  21:44:03          PAGE 11


LOC  OBJECT CODE     LINE SOURCE TEXT
  VALUE
 
               00420 ; access size:      0 (0x0000) bytes
               00421 
               00422 
gpasm-0.13.4 beta               usb_descriptors.asm5-19-2009  21:44:03          PAGE 12


SYMBOL TABLE
  LABEL                             VALUE 

_ADCON0                           00000000
_ADCON0bits                       00000000
_ADCON1                           00000000
_ADCON1bits                       00000000
_ADCON2                           00000000
_ADCON2bits                       00000000
_ADRESH                           00000000
_ADRESL                           00000000
_BAUDCON                          00000000
_BAUDCONbits                      00000000
_BSR                              00000000
_BSRbits                          00000000
_CCP1CON                          00000000
_CCP1CONbits                      00000000
_CCP2CON                          00000000
_CCP2CONbits                      00000000
_CCPR1H                           00000000
_CCPR1L                           00000000
_CCPR2H                           00000000
_CCPR2L                           00000000
_CMCON                            00000000
_CMCONbits                        00000000
_CVRCON                           00000000
_CVRCONbits                       00000000
_ECCP1AS                          00000000
_ECCP1ASbits                      00000000
_ECCP1DEL                         00000000
_ECCP1DELbits                     00000000
_EEADR                            00000000
_EECON1                           00000000
_EECON1bits                       00000000
_EECON2                           00000000
_EEDATA                           00000000
_FSR0H                            00000000
_FSR0Hbits                        00000000
_FSR0L                            00000000
_FSR1H                            00000000
_FSR1Hbits                        00000000
_FSR1L                            00000000
_FSR2H                            00000000
_FSR2Hbits                        00000000
_FSR2L                            00000000
_HLVDCON                          00000000
_HLVDCONbits                      00000000
_INDF0                            00000000
_INDF1                            00000000
_INDF2                            00000000
_INTCON                           00000000
_INTCON2                          00000000
_INTCON2bits                      00000000
_INTCON3                          00000000
_INTCON3bits                      00000000
_INTCONbits                       00000000
gpasm-0.13.4 beta               usb_descriptors.asm5-19-2009  21:44:03          PAGE 13


LOC  OBJECT CODE     LINE SOURCE TEXT
  VALUE
 
_IPR1                             00000000
_IPR1bits                         00000000
_IPR2                             00000000
_IPR2bits                         00000000
_LATA                             00000000
_LATAbits                         00000000
_LATB                             00000000
_LATBbits                         00000000
_LATC                             00000000
_LATCbits                         00000000
_LATD                             00000000
_LATDbits                         00000000
_LATE                             00000000
_LATEbits                         00000000
_OSCCON                           00000000
_OSCCONbits                       00000000
_OSCTUNE                          00000000
_OSCTUNEbits                      00000000
_PCL                              00000000
_PCLATH                           00000000
_PCLATHbits                       00000000
_PCLATU                           00000000
_PCLATUbits                       00000000
_PIE1                             00000000
_PIE1bits                         00000000
_PIE2                             00000000
_PIE2bits                         00000000
_PIR1                             00000000
_PIR1bits                         00000000
_PIR2                             00000000
_PIR2bits                         00000000
_PLUSW0                           00000000
_PLUSW1                           00000000
_PLUSW2                           00000000
_PORTA                            00000000
_PORTAbits                        00000000
_PORTB                            00000000
_PORTBbits                        00000000
_PORTC                            00000000
_PORTCbits                        00000000
_PORTD                            00000000
_PORTDbits                        00000000
_PORTE                            00000000
_PORTEbits                        00000000
_POSTDEC0                         00000000
_POSTDEC1                         00000000
_POSTDEC2                         00000000
_POSTINC0                         00000000
_POSTINC1                         00000000
_POSTINC2                         00000000
_PR2                              00000000
_PREINC0                          00000000
_PREINC1                          00000000
_PREINC2                          00000000
gpasm-0.13.4 beta               usb_descriptors.asm5-19-2009  21:44:03          PAGE 14


LOC  OBJECT CODE     LINE SOURCE TEXT
  VALUE
 
_PRODH                            00000000
_PRODL                            00000000
_RCON                             00000000
_RCONbits                         00000000
_RCREG                            00000000
_RCSTA                            00000000
_RCSTAbits                        00000000
_SPBRG                            00000000
_SPBRGH                           00000000
_SPPCFG                           00000000
_SPPCFGbits                       00000000
_SPPCON                           00000000
_SPPCONbits                       00000000
_SPPDATA                          00000000
_SPPDATAbits                      00000000
_SPPEPS                           00000000
_SPPEPSbits                       00000000
_SSPADD                           00000000
_SSPBUF                           00000000
_SSPCON1                          00000000
_SSPCON1bits                      00000000
_SSPCON2                          00000000
_SSPCON2bits                      00000000
_SSPSTAT                          00000000
_SSPSTATbits                      00000000
_STATUS                           00000000
_STATUSbits                       00000000
_STKPTR                           00000000
_STKPTRbits                       00000000
_T0CON                            00000000
_T0CONbits                        00000000
_T1CON                            00000000
_T1CONbits                        00000000
_T2CON                            00000000
_T2CONbits                        00000000
_T3CON                            00000000
_T3CONbits                        00000000
_TABLAT                           00000000
_TBLPTRH                          00000000
_TBLPTRL                          00000000
_TBLPTRU                          00000000
_TBLPTRUbits                      00000000
_TMR0H                            00000000
_TMR0L                            00000000
_TMR1H                            00000000
_TMR1L                            00000000
_TMR2                             00000000
_TMR3H                            00000000
_TMR3L                            00000000
_TOSH                             00000000
_TOSL                             00000000
_TOSU                             00000000
_TOSUbits                         00000000
_TRISA                            00000000
gpasm-0.13.4 beta               usb_descriptors.asm5-19-2009  21:44:03          PAGE 15


LOC  OBJECT CODE     LINE SOURCE TEXT
  VALUE
 
_TRISAbits                        00000000
_TRISB                            00000000
_TRISBbits                        00000000
_TRISC                            00000000
_TRISCbits                        00000000
_TRISD                            00000000
_TRISDbits                        00000000
_TRISE                            00000000
_TRISEbits                        00000000
_TXREG                            00000000
_TXSTA                            00000000
_TXSTAbits                        00000000
_UADDR                            00000000
_UADDRbits                        00000000
_UCFG                             00000000
_UCFGbits                         00000000
_UCON                             00000000
_UCONbits                         00000000
_UEIE                             00000000
_UEIEbits                         00000000
_UEIR                             00000000
_UEIRbits                         00000000
_UEP0                             00000000
_UEP0bits                         00000000
_UEP1                             00000000
_UEP10                            00000000
_UEP10bits                        00000000
_UEP11                            00000000
_UEP11bits                        00000000
_UEP12                            00000000
_UEP12bits                        00000000
_UEP13                            00000000
_UEP13bits                        00000000
_UEP14                            00000000
_UEP14bits                        00000000
_UEP15                            00000000
_UEP15bits                        00000000
_UEP1bits                         00000000
_UEP2                             00000000
_UEP2bits                         00000000
_UEP3                             00000000
_UEP3bits                         00000000
_UEP4                             00000000
_UEP4bits                         00000000
_UEP5                             00000000
_UEP5bits                         00000000
_UEP6                             00000000
_UEP6bits                         00000000
_UEP7                             00000000
_UEP7bits                         00000000
_UEP8                             00000000
_UEP8bits                         00000000
_UEP9                             00000000
_UEP9bits                         00000000
gpasm-0.13.4 beta               usb_descriptors.asm5-19-2009  21:44:03          PAGE 16


LOC  OBJECT CODE     LINE SOURCE TEXT
  VALUE
 
_UFRMH                            00000000
_UFRMHbits                        00000000
_UFRML                            00000000
_UFRMLbits                        00000000
_UIE                              00000000
_UIEbits                          00000000
_UIR                              00000000
_UIRbits                          00000000
_USTAT                            00000000
_USTATbits                        00000000
_WDTCON                           00000000
_WDTCONbits                       00000000
_WREG                             00000000
__18F4550                         00000001
_an_data                          00000000
_application_cfg                  00000044
_configuration_descriptor         00000064
_default_cfg                      00000012
_device_descriptor                00000000
_ep0_in                           00000000
_ep0_init                         00000000
_ep0_setup                        00000000
_ep1_init                         00000000
_ep1_out                          00000000
_ep2_in                           00000000
_ep2_init                         00000000
_ep2_num_bytes_to_send            00000000
_ep2_source_data                  00000000
_ep_bdt                           00000000
_ep_in                            00000208
_ep_in_cfg0                       00000178
_ep_in_cfg1                       000001A8
_ep_in_cfg2                       000001D8
_ep_init                          0000016C
_ep_init_cfg0                     000000DC
_ep_init_cfg1                     0000010C
_ep_init_cfg2                     0000013C
_ep_out                           000002A4
_ep_out_cfg0                      00000214
_ep_out_cfg1                      00000244
_ep_out_cfg2                      00000274
_ep_setup                         000002E0
_ep_setup_cfg0                    000002B0
_flash_cfg                        00000024
_my_ep1_init                      00000000
_my_ep1_out                       00000000
_my_ep2_in                        00000000
_my_ep2_init                      00000000
_mydata                           00000000
_null_function                    00000000
_str0                             0000006E
_str1                             00000072
_str2                             0000008E
_str3                             000000AA
gpasm-0.13.4 beta               usb_descriptors.asm5-19-2009  21:44:03          PAGE 17


LOC  OBJECT CODE     LINE SOURCE TEXT
  VALUE
 
_str4                             000000AE
_str5                             000000BE
_string_descriptor                000000CA
_usb_active_alt_setting           00000000
_usb_active_cfg                   00000000
_usb_device_state                 00000000


Errors   :       0
Warnings :       0 reported,       0 suppressed
Messages :       0 reported,       0 suppressed

